<?xml version="1.0" encoding="utf-8"?>
<CoverageSession xmlns:xsd="http://www.w3.org/2001/XMLSchema" xmlns:xsi="http://www.w3.org/2001/XMLSchema-instance" Version="4.6.0.0">
  <Summary numSequencePoints="606" visitedSequencePoints="103" numBranchPoints="130" visitedBranchPoints="15" sequenceCoverage="17.00" branchCoverage="11.54" maxCyclomaticComplexity="16" minCyclomaticComplexity="1" maxCrapScore="272" minCrapScore="1" visitedClasses="2" numClasses="7" visitedMethods="9" numMethods="43" />
  <Modules>
    <Module hash="03-C2-77-1E-69-6B-06-FE-79-68-BF-F3-2E-CD-C3-88-3B-E3-21-F3">
      <Summary numSequencePoints="221" visitedSequencePoints="58" numBranchPoints="16" visitedBranchPoints="4" sequenceCoverage="26.24" branchCoverage="25" maxCyclomaticComplexity="4" minCyclomaticComplexity="1" maxCrapScore="20" minCrapScore="1" visitedClasses="1" numClasses="3" visitedMethods="4" numMethods="14" />
      <ModulePath>C:\Users\Pooya\source\repos\APClass Main\CookBook Filed\CookBookTests\bin\Debug\CookBookTests.dll</ModulePath>
      <ModuleTime>2018-04-28T10:28:58.2047599Z</ModuleTime>
      <ModuleName>CookBookTests</ModuleName>
      <Files>
        <File uid="1" fullPath="C:\Users\Pooya\source\repos\APClass Main\CookBook Filed\CookBookTests\IngredientTests.cs" />
        <File uid="2" fullPath="C:\Users\Pooya\source\repos\APClass Main\CookBook Filed\CookBookTests\RecipeBookTests.cs" />
        <File uid="3" fullPath="C:\Users\Pooya\source\repos\APClass Main\CookBook Filed\CookBookTests\RecipeTests.cs" />
      </Files>
      <Classes>
        <Class>
          <Summary numSequencePoints="61" visitedSequencePoints="58" numBranchPoints="4" visitedBranchPoints="4" sequenceCoverage="95.08" branchCoverage="100" maxCyclomaticComplexity="3" minCyclomaticComplexity="1" maxCrapScore="3.01" minCrapScore="1" visitedClasses="1" numClasses="1" visitedMethods="4" numMethods="4" />
          <FullName>Assignment5.Tests.IngredientTests</FullName>
          <Methods>
            <Method visited="true" cyclomaticComplexity="1" nPathComplexity="0" sequenceCoverage="100" branchCoverage="100" crapScore="1" isConstructor="false" isStatic="false" isGetter="false" isSetter="false">
              <Summary numSequencePoints="8" visitedSequencePoints="8" numBranchPoints="1" visitedBranchPoints="1" sequenceCoverage="100" branchCoverage="100" maxCyclomaticComplexity="1" minCyclomaticComplexity="1" maxCrapScore="1" minCrapScore="1" visitedClasses="0" numClasses="0" visitedMethods="1" numMethods="1" />
              <MetadataToken>100663297</MetadataToken>
              <Name>System.Void Assignment5.Tests.IngredientTests::IngredientconstTest()</Name>
              <FileRef uid="1" />
              <SequencePoints>
                <SequencePoint vc="1" uspid="1" ordinal="0" offset="0" sl="18" sc="9" el="18" ec="10" bec="0" bev="0" fileid="1">
                  <TrackedMethodRefs>
                    <TrackedMethodRef uid="1" vc="1" />
                  </TrackedMethodRefs>
                </SequencePoint>
                <SequencePoint vc="1" uspid="2" ordinal="1" offset="1" sl="19" sc="13" el="19" ec="74" bec="0" bev="0" fileid="1">
                  <TrackedMethodRefs>
                    <TrackedMethodRef uid="1" vc="1" />
                  </TrackedMethodRefs>
                </SequencePoint>
                <SequencePoint vc="1" uspid="3" ordinal="2" offset="31" sl="20" sc="13" el="20" ec="74" bec="0" bev="0" fileid="1">
                  <TrackedMethodRefs>
                    <TrackedMethodRef uid="1" vc="1" />
                  </TrackedMethodRefs>
                </SequencePoint>
                <SequencePoint vc="1" uspid="4" ordinal="3" offset="61" sl="21" sc="13" el="21" ec="53" bec="0" bev="0" fileid="1">
                  <TrackedMethodRefs>
                    <TrackedMethodRef uid="1" vc="1" />
                  </TrackedMethodRefs>
                </SequencePoint>
                <SequencePoint vc="1" uspid="5" ordinal="4" offset="79" sl="22" sc="13" el="22" ec="53" bec="0" bev="0" fileid="1">
                  <TrackedMethodRefs>
                    <TrackedMethodRef uid="1" vc="1" />
                  </TrackedMethodRefs>
                </SequencePoint>
                <SequencePoint vc="1" uspid="6" ordinal="5" offset="97" sl="23" sc="13" el="23" ec="67" bec="0" bev="0" fileid="1">
                  <TrackedMethodRefs>
                    <TrackedMethodRef uid="1" vc="1" />
                  </TrackedMethodRefs>
                </SequencePoint>
                <SequencePoint vc="1" uspid="7" ordinal="6" offset="115" sl="24" sc="13" el="24" ec="61" bec="0" bev="0" fileid="1">
                  <TrackedMethodRefs>
                    <TrackedMethodRef uid="1" vc="1" />
                  </TrackedMethodRefs>
                </SequencePoint>
                <SequencePoint vc="1" uspid="8" ordinal="7" offset="133" sl="25" sc="9" el="25" ec="10" bec="0" bev="0" fileid="1">
                  <TrackedMethodRefs>
                    <TrackedMethodRef uid="1" vc="1" />
                  </TrackedMethodRefs>
                </SequencePoint>
              </SequencePoints>
              <BranchPoints />
              <MethodPoint xsi:type="SequencePoint" vc="1" uspid="1" ordinal="0" offset="0" sl="18" sc="9" el="18" ec="10" bec="0" bev="0" fileid="1">
                <TrackedMethodRefs>
                  <TrackedMethodRef uid="1" vc="1" />
                </TrackedMethodRefs>
              </MethodPoint>
            </Method>
            <Method visited="true" cyclomaticComplexity="3" nPathComplexity="0" sequenceCoverage="100" branchCoverage="100" crapScore="3" isConstructor="false" isStatic="false" isGetter="false" isSetter="false">
              <Summary numSequencePoints="15" visitedSequencePoints="15" numBranchPoints="1" visitedBranchPoints="1" sequenceCoverage="100" branchCoverage="100" maxCyclomaticComplexity="3" minCyclomaticComplexity="3" maxCrapScore="3" minCrapScore="3" visitedClasses="0" numClasses="0" visitedMethods="1" numMethods="1" />
              <MetadataToken>100663298</MetadataToken>
              <Name>System.Void Assignment5.Tests.IngredientTests::SerializeTests()</Name>
              <FileRef uid="1" />
              <SequencePoints>
                <SequencePoint vc="1" uspid="9" ordinal="0" offset="0" sl="28" sc="9" el="28" ec="10" bec="0" bev="0" fileid="1">
                  <TrackedMethodRefs>
                    <TrackedMethodRef uid="2" vc="1" />
                  </TrackedMethodRefs>
                </SequencePoint>
                <SequencePoint vc="1" uspid="10" ordinal="1" offset="1" sl="29" sc="13" el="29" ec="80" bec="0" bev="0" fileid="1">
                  <TrackedMethodRefs>
                    <TrackedMethodRef uid="2" vc="1" />
                  </TrackedMethodRefs>
                </SequencePoint>
                <SequencePoint vc="1" uspid="11" ordinal="2" offset="31" sl="31" sc="20" el="31" ec="74" bec="0" bev="0" fileid="1">
                  <TrackedMethodRefs>
                    <TrackedMethodRef uid="2" vc="1" />
                  </TrackedMethodRefs>
                </SequencePoint>
                <SequencePoint vc="1" uspid="12" ordinal="3" offset="42" sl="32" sc="13" el="32" ec="14" bec="0" bev="0" fileid="1">
                  <TrackedMethodRefs>
                    <TrackedMethodRef uid="2" vc="1" />
                  </TrackedMethodRefs>
                </SequencePoint>
                <SequencePoint vc="1" uspid="13" ordinal="4" offset="43" sl="33" sc="17" el="33" ec="39" bec="0" bev="0" fileid="1">
                  <TrackedMethodRefs>
                    <TrackedMethodRef uid="2" vc="1" />
                  </TrackedMethodRefs>
                </SequencePoint>
                <SequencePoint vc="1" uspid="14" ordinal="5" offset="51" sl="34" sc="13" el="34" ec="14" bec="0" bev="0" fileid="1">
                  <TrackedMethodRefs>
                    <TrackedMethodRef uid="2" vc="1" />
                  </TrackedMethodRefs>
                </SequencePoint>
                <SequencePoint vc="1" uspid="15" ordinal="6" offset="65" sl="36" sc="20" el="36" ec="74" bec="0" bev="0" fileid="1">
                  <TrackedMethodRefs>
                    <TrackedMethodRef uid="2" vc="1" />
                  </TrackedMethodRefs>
                </SequencePoint>
                <SequencePoint vc="1" uspid="16" ordinal="7" offset="76" sl="37" sc="13" el="37" ec="14" bec="0" bev="0" fileid="1">
                  <TrackedMethodRefs>
                    <TrackedMethodRef uid="2" vc="1" />
                  </TrackedMethodRefs>
                </SequencePoint>
                <SequencePoint vc="1" uspid="17" ordinal="8" offset="77" sl="38" sc="17" el="38" ec="58" bec="0" bev="0" fileid="1">
                  <TrackedMethodRefs>
                    <TrackedMethodRef uid="2" vc="1" />
                  </TrackedMethodRefs>
                </SequencePoint>
                <SequencePoint vc="1" uspid="18" ordinal="9" offset="84" sl="39" sc="13" el="39" ec="14" bec="0" bev="0" fileid="1">
                  <TrackedMethodRefs>
                    <TrackedMethodRef uid="2" vc="1" />
                  </TrackedMethodRefs>
                </SequencePoint>
                <SequencePoint vc="1" uspid="19" ordinal="10" offset="98" sl="40" sc="13" el="40" ec="53" bec="0" bev="0" fileid="1">
                  <TrackedMethodRefs>
                    <TrackedMethodRef uid="2" vc="1" />
                  </TrackedMethodRefs>
                </SequencePoint>
                <SequencePoint vc="1" uspid="20" ordinal="11" offset="116" sl="41" sc="13" el="41" ec="54" bec="0" bev="0" fileid="1">
                  <TrackedMethodRefs>
                    <TrackedMethodRef uid="2" vc="1" />
                  </TrackedMethodRefs>
                </SequencePoint>
                <SequencePoint vc="1" uspid="21" ordinal="12" offset="134" sl="42" sc="13" el="42" ec="68" bec="0" bev="0" fileid="1">
                  <TrackedMethodRefs>
                    <TrackedMethodRef uid="2" vc="1" />
                  </TrackedMethodRefs>
                </SequencePoint>
                <SequencePoint vc="1" uspid="22" ordinal="13" offset="152" sl="43" sc="13" el="43" ec="62" bec="0" bev="0" fileid="1">
                  <TrackedMethodRefs>
                    <TrackedMethodRef uid="2" vc="1" />
                  </TrackedMethodRefs>
                </SequencePoint>
                <SequencePoint vc="1" uspid="23" ordinal="14" offset="170" sl="45" sc="9" el="45" ec="10" bec="0" bev="0" fileid="1">
                  <TrackedMethodRefs>
                    <TrackedMethodRef uid="2" vc="1" />
                  </TrackedMethodRefs>
                </SequencePoint>
              </SequencePoints>
              <BranchPoints />
              <MethodPoint xsi:type="SequencePoint" vc="1" uspid="9" ordinal="0" offset="0" sl="28" sc="9" el="28" ec="10" bec="0" bev="0" fileid="1">
                <TrackedMethodRefs>
                  <TrackedMethodRef uid="2" vc="1" />
                </TrackedMethodRefs>
              </MethodPoint>
            </Method>
            <Method visited="true" cyclomaticComplexity="1" nPathComplexity="0" sequenceCoverage="100" branchCoverage="100" crapScore="1" isConstructor="false" isStatic="false" isGetter="false" isSetter="false">
              <Summary numSequencePoints="8" visitedSequencePoints="8" numBranchPoints="1" visitedBranchPoints="1" sequenceCoverage="100" branchCoverage="100" maxCyclomaticComplexity="1" minCyclomaticComplexity="1" maxCrapScore="1" minCrapScore="1" visitedClasses="0" numClasses="0" visitedMethods="1" numMethods="1" />
              <MetadataToken>100663299</MetadataToken>
              <Name>System.Void Assignment5.Tests.IngredientTests::ToStringTest()</Name>
              <FileRef uid="1" />
              <SequencePoints>
                <SequencePoint vc="1" uspid="24" ordinal="0" offset="0" sl="48" sc="9" el="48" ec="10" bec="0" bev="0" fileid="1">
                  <TrackedMethodRefs>
                    <TrackedMethodRef uid="3" vc="1" />
                  </TrackedMethodRefs>
                </SequencePoint>
                <SequencePoint vc="1" uspid="25" ordinal="1" offset="1" sl="49" sc="13" el="49" ec="38" bec="0" bev="0" fileid="1">
                  <TrackedMethodRefs>
                    <TrackedMethodRef uid="3" vc="1" />
                  </TrackedMethodRefs>
                </SequencePoint>
                <SequencePoint vc="1" uspid="26" ordinal="2" offset="7" sl="50" sc="13" el="50" ec="45" bec="0" bev="0" fileid="1">
                  <TrackedMethodRefs>
                    <TrackedMethodRef uid="3" vc="1" />
                  </TrackedMethodRefs>
                </SequencePoint>
                <SequencePoint vc="1" uspid="27" ordinal="3" offset="13" sl="51" sc="13" el="51" ec="38" bec="0" bev="0" fileid="1">
                  <TrackedMethodRefs>
                    <TrackedMethodRef uid="3" vc="1" />
                  </TrackedMethodRefs>
                </SequencePoint>
                <SequencePoint vc="1" uspid="28" ordinal="4" offset="19" sl="52" sc="13" el="52" ec="41" bec="0" bev="0" fileid="1">
                  <TrackedMethodRefs>
                    <TrackedMethodRef uid="3" vc="1" />
                  </TrackedMethodRefs>
                </SequencePoint>
                <SequencePoint vc="1" uspid="29" ordinal="5" offset="29" sl="53" sc="13" el="53" ec="94" bec="0" bev="0" fileid="1">
                  <TrackedMethodRefs>
                    <TrackedMethodRef uid="3" vc="1" />
                  </TrackedMethodRefs>
                </SequencePoint>
                <SequencePoint vc="1" uspid="30" ordinal="6" offset="40" sl="54" sc="13" el="54" ec="111" bec="0" bev="0" fileid="1">
                  <TrackedMethodRefs>
                    <TrackedMethodRef uid="3" vc="1" />
                  </TrackedMethodRefs>
                </SequencePoint>
                <SequencePoint vc="1" uspid="31" ordinal="7" offset="90" sl="55" sc="9" el="55" ec="10" bec="0" bev="0" fileid="1">
                  <TrackedMethodRefs>
                    <TrackedMethodRef uid="3" vc="1" />
                  </TrackedMethodRefs>
                </SequencePoint>
              </SequencePoints>
              <BranchPoints />
              <MethodPoint xsi:type="SequencePoint" vc="1" uspid="24" ordinal="0" offset="0" sl="48" sc="9" el="48" ec="10" bec="0" bev="0" fileid="1">
                <TrackedMethodRefs>
                  <TrackedMethodRef uid="3" vc="1" />
                </TrackedMethodRefs>
              </MethodPoint>
            </Method>
            <Method visited="true" cyclomaticComplexity="3" nPathComplexity="0" sequenceCoverage="90" branchCoverage="100" crapScore="3.01" isConstructor="false" isStatic="false" isGetter="false" isSetter="false">
              <Summary numSequencePoints="30" visitedSequencePoints="27" numBranchPoints="1" visitedBranchPoints="1" sequenceCoverage="90" branchCoverage="100" maxCyclomaticComplexity="3" minCyclomaticComplexity="3" maxCrapScore="3.01" minCrapScore="3.01" visitedClasses="0" numClasses="0" visitedMethods="1" numMethods="1" />
              <MetadataToken>100663300</MetadataToken>
              <Name>System.Void Assignment5.Tests.IngredientTests::InitiationTest()</Name>
              <FileRef uid="1" />
              <SequencePoints>
                <SequencePoint vc="1" uspid="32" ordinal="0" offset="0" sl="58" sc="9" el="58" ec="10" bec="0" bev="0" fileid="1">
                  <TrackedMethodRefs>
                    <TrackedMethodRef uid="4" vc="1" />
                  </TrackedMethodRefs>
                </SequencePoint>
                <SequencePoint vc="1" uspid="33" ordinal="1" offset="1" sl="59" sc="13" el="59" ec="28" bec="0" bev="0" fileid="1">
                  <TrackedMethodRefs>
                    <TrackedMethodRef uid="4" vc="1" />
                  </TrackedMethodRefs>
                </SequencePoint>
                <SequencePoint vc="1" uspid="34" ordinal="2" offset="3" sl="60" sc="13" el="60" ec="36" bec="0" bev="0" fileid="1">
                  <TrackedMethodRefs>
                    <TrackedMethodRef uid="4" vc="1" />
                  </TrackedMethodRefs>
                </SequencePoint>
                <SequencePoint vc="1" uspid="35" ordinal="3" offset="9" sl="61" sc="13" el="61" ec="50" bec="0" bev="0" fileid="1">
                  <TrackedMethodRefs>
                    <TrackedMethodRef uid="4" vc="1" />
                  </TrackedMethodRefs>
                </SequencePoint>
                <SequencePoint vc="1" uspid="36" ordinal="4" offset="15" sl="62" sc="13" el="62" ec="39" bec="0" bev="0" fileid="1">
                  <TrackedMethodRefs>
                    <TrackedMethodRef uid="4" vc="1" />
                  </TrackedMethodRefs>
                </SequencePoint>
                <SequencePoint vc="1" uspid="37" ordinal="5" offset="25" sl="63" sc="13" el="63" ec="36" bec="0" bev="0" fileid="1">
                  <TrackedMethodRefs>
                    <TrackedMethodRef uid="4" vc="1" />
                  </TrackedMethodRefs>
                </SequencePoint>
                <SequencePoint vc="1" uspid="38" ordinal="6" offset="32" sl="64" sc="13" el="64" ec="91" bec="0" bev="0" fileid="1">
                  <TrackedMethodRefs>
                    <TrackedMethodRef uid="4" vc="1" />
                  </TrackedMethodRefs>
                </SequencePoint>
                <SequencePoint vc="1" uspid="39" ordinal="7" offset="44" sl="65" sc="13" el="65" ec="38" bec="0" bev="0" fileid="1">
                  <TrackedMethodRefs>
                    <TrackedMethodRef uid="4" vc="1" />
                  </TrackedMethodRefs>
                </SequencePoint>
                <SequencePoint vc="1" uspid="40" ordinal="8" offset="51" sl="66" sc="13" el="66" ec="36" bec="0" bev="0" fileid="1">
                  <TrackedMethodRefs>
                    <TrackedMethodRef uid="4" vc="1" />
                  </TrackedMethodRefs>
                </SequencePoint>
                <SequencePoint vc="1" uspid="41" ordinal="9" offset="58" sl="68" sc="20" el="68" ec="61" bec="0" bev="0" fileid="1">
                  <TrackedMethodRefs>
                    <TrackedMethodRef uid="4" vc="1" />
                  </TrackedMethodRefs>
                </SequencePoint>
                <SequencePoint vc="1" uspid="42" ordinal="10" offset="65" sl="69" sc="13" el="69" ec="14" bec="0" bev="0" fileid="1">
                  <TrackedMethodRefs>
                    <TrackedMethodRef uid="4" vc="1" />
                  </TrackedMethodRefs>
                </SequencePoint>
                <SequencePoint vc="1" uspid="43" ordinal="11" offset="66" sl="70" sc="17" el="70" ec="48" bec="0" bev="0" fileid="1">
                  <TrackedMethodRefs>
                    <TrackedMethodRef uid="4" vc="1" />
                  </TrackedMethodRefs>
                </SequencePoint>
                <SequencePoint vc="1" uspid="44" ordinal="12" offset="81" sl="71" sc="17" el="71" ec="55" bec="0" bev="0" fileid="1">
                  <TrackedMethodRefs>
                    <TrackedMethodRef uid="4" vc="1" />
                  </TrackedMethodRefs>
                </SequencePoint>
                <SequencePoint vc="1" uspid="45" ordinal="13" offset="96" sl="72" sc="17" el="72" ec="48" bec="0" bev="0" fileid="1">
                  <TrackedMethodRefs>
                    <TrackedMethodRef uid="4" vc="1" />
                  </TrackedMethodRefs>
                </SequencePoint>
                <SequencePoint vc="1" uspid="46" ordinal="14" offset="111" sl="73" sc="17" el="73" ec="52" bec="0" bev="0" fileid="1">
                  <TrackedMethodRefs>
                    <TrackedMethodRef uid="4" vc="1" />
                  </TrackedMethodRefs>
                </SequencePoint>
                <SequencePoint vc="1" uspid="47" ordinal="15" offset="126" sl="74" sc="17" el="74" ec="45" bec="0" bev="0" fileid="1">
                  <TrackedMethodRefs>
                    <TrackedMethodRef uid="4" vc="1" />
                  </TrackedMethodRefs>
                </SequencePoint>
                <SequencePoint vc="1" uspid="48" ordinal="16" offset="135" sl="75" sc="13" el="75" ec="14" bec="0" bev="0" fileid="1">
                  <TrackedMethodRefs>
                    <TrackedMethodRef uid="4" vc="1" />
                  </TrackedMethodRefs>
                </SequencePoint>
                <SequencePoint vc="1" uspid="49" ordinal="17" offset="151" sl="76" sc="20" el="76" ec="67" bec="0" bev="0" fileid="1">
                  <TrackedMethodRefs>
                    <TrackedMethodRef uid="4" vc="1" />
                  </TrackedMethodRefs>
                </SequencePoint>
                <SequencePoint vc="1" uspid="50" ordinal="18" offset="160" sl="77" sc="13" el="77" ec="14" bec="0" bev="0" fileid="1">
                  <TrackedMethodRefs>
                    <TrackedMethodRef uid="4" vc="1" />
                  </TrackedMethodRefs>
                </SequencePoint>
                <SequencePoint vc="1" uspid="51" ordinal="19" offset="161" sl="79" sc="17" el="79" ec="18" bec="0" bev="0" fileid="1">
                  <TrackedMethodRefs>
                    <TrackedMethodRef uid="4" vc="1" />
                  </TrackedMethodRefs>
                </SequencePoint>
                <SequencePoint vc="1" uspid="52" ordinal="20" offset="162" sl="80" sc="21" el="80" ec="44" bec="0" bev="0" fileid="1">
                  <TrackedMethodRefs>
                    <TrackedMethodRef uid="4" vc="1" />
                  </TrackedMethodRefs>
                </SequencePoint>
                <SequencePoint vc="1" uspid="53" ordinal="21" offset="170" sl="81" sc="21" el="81" ec="93" bec="0" bev="0" fileid="1">
                  <TrackedMethodRefs>
                    <TrackedMethodRef uid="4" vc="1" />
                  </TrackedMethodRefs>
                </SequencePoint>
                <SequencePoint vc="1" uspid="54" ordinal="22" offset="179" sl="82" sc="21" el="82" ec="69" bec="0" bev="0" fileid="1">
                  <TrackedMethodRefs>
                    <TrackedMethodRef uid="4" vc="1" />
                  </TrackedMethodRefs>
                </SequencePoint>
                <SequencePoint vc="0" uspid="55" ordinal="23" offset="197" sl="84" sc="17" el="84" ec="18" bec="0" bev="0" fileid="1" />
                <SequencePoint vc="1" uspid="56" ordinal="24" offset="200" sl="86" sc="17" el="86" ec="18" bec="0" bev="0" fileid="1">
                  <TrackedMethodRefs>
                    <TrackedMethodRef uid="4" vc="1" />
                  </TrackedMethodRefs>
                </SequencePoint>
                <SequencePoint vc="1" uspid="57" ordinal="25" offset="201" sl="87" sc="21" el="87" ec="42" bec="0" bev="0" fileid="1">
                  <TrackedMethodRefs>
                    <TrackedMethodRef uid="4" vc="1" />
                  </TrackedMethodRefs>
                </SequencePoint>
                <SequencePoint vc="1" uspid="58" ordinal="26" offset="209" sl="88" sc="21" el="88" ec="44" bec="0" bev="0" fileid="1">
                  <TrackedMethodRefs>
                    <TrackedMethodRef uid="4" vc="1" />
                  </TrackedMethodRefs>
                </SequencePoint>
                <SequencePoint vc="1" uspid="59" ordinal="27" offset="217" sl="89" sc="17" el="89" ec="18" bec="0" bev="0" fileid="1">
                  <TrackedMethodRefs>
                    <TrackedMethodRef uid="4" vc="1" />
                  </TrackedMethodRefs>
                </SequencePoint>
                <SequencePoint vc="0" uspid="60" ordinal="28" offset="219" sl="93" sc="13" el="93" ec="14" bec="0" bev="0" fileid="1" />
                <SequencePoint vc="0" uspid="61" ordinal="29" offset="235" sl="95" sc="9" el="95" ec="10" bec="0" bev="0" fileid="1" />
              </SequencePoints>
              <BranchPoints />
              <MethodPoint xsi:type="SequencePoint" vc="1" uspid="32" ordinal="0" offset="0" sl="58" sc="9" el="58" ec="10" bec="0" bev="0" fileid="1">
                <TrackedMethodRefs>
                  <TrackedMethodRef uid="4" vc="1" />
                </TrackedMethodRefs>
              </MethodPoint>
            </Method>
            <Method visited="false" cyclomaticComplexity="1" nPathComplexity="0" sequenceCoverage="0" branchCoverage="0" crapScore="2" isConstructor="true" isStatic="false" isGetter="false" isSetter="false">
              <Summary numSequencePoints="0" visitedSequencePoints="0" numBranchPoints="0" visitedBranchPoints="0" sequenceCoverage="0" branchCoverage="0" maxCyclomaticComplexity="1" minCyclomaticComplexity="1" maxCrapScore="2" minCrapScore="2" visitedClasses="0" numClasses="0" visitedMethods="0" numMethods="0" />
              <MetadataToken>100663301</MetadataToken>
              <Name>System.Void Assignment5.Tests.IngredientTests::.ctor()</Name>
              <SequencePoints />
              <BranchPoints />
              <MethodPoint vc="0" uspid="62" ordinal="0" offset="0" />
            </Method>
          </Methods>
        </Class>
        <Class>
          <Summary numSequencePoints="101" visitedSequencePoints="0" numBranchPoints="7" visitedBranchPoints="0" sequenceCoverage="0" branchCoverage="0" maxCyclomaticComplexity="1" minCyclomaticComplexity="1" maxCrapScore="2" minCrapScore="2" visitedClasses="0" numClasses="1" visitedMethods="0" numMethods="7" />
          <FullName>Assignment5.Tests.RecipeBookTests</FullName>
          <Methods>
            <Method visited="false" cyclomaticComplexity="1" nPathComplexity="0" sequenceCoverage="0" branchCoverage="0" crapScore="2" isConstructor="false" isStatic="false" isGetter="false" isSetter="false">
              <Summary numSequencePoints="10" visitedSequencePoints="0" numBranchPoints="1" visitedBranchPoints="0" sequenceCoverage="0" branchCoverage="0" maxCyclomaticComplexity="1" minCyclomaticComplexity="1" maxCrapScore="2" minCrapScore="2" visitedClasses="0" numClasses="0" visitedMethods="0" numMethods="1" />
              <MetadataToken>100663302</MetadataToken>
              <Name>System.Void Assignment5.Tests.RecipeBookTests::RecipeBookconstTest()</Name>
              <FileRef uid="2" />
              <SequencePoints>
                <SequencePoint vc="0" uspid="63" ordinal="0" offset="0" sl="17" sc="9" el="17" ec="10" bec="0" bev="0" fileid="2" />
                <SequencePoint vc="0" uspid="64" ordinal="1" offset="1" sl="18" sc="13" el="18" ec="64" bec="0" bev="0" fileid="2" />
                <SequencePoint vc="0" uspid="65" ordinal="2" offset="14" sl="19" sc="13" el="19" ec="64" bec="0" bev="0" fileid="2" />
                <SequencePoint vc="0" uspid="66" ordinal="3" offset="27" sl="20" sc="13" el="20" ec="71" bec="0" bev="0" fileid="2" />
                <SequencePoint vc="0" uspid="67" ordinal="4" offset="45" sl="21" sc="13" el="21" ec="69" bec="0" bev="0" fileid="2" />
                <SequencePoint vc="0" uspid="68" ordinal="5" offset="63" sl="22" sc="13" el="22" ec="51" bec="0" bev="0" fileid="2" />
                <SequencePoint vc="0" uspid="69" ordinal="6" offset="75" sl="23" sc="13" el="23" ec="51" bec="0" bev="0" fileid="2" />
                <SequencePoint vc="0" uspid="70" ordinal="7" offset="87" sl="24" sc="13" el="24" ec="50" bec="0" bev="0" fileid="2" />
                <SequencePoint vc="0" uspid="71" ordinal="8" offset="104" sl="25" sc="13" el="25" ec="50" bec="0" bev="0" fileid="2" />
                <SequencePoint vc="0" uspid="72" ordinal="9" offset="121" sl="26" sc="9" el="26" ec="10" bec="0" bev="0" fileid="2" />
              </SequencePoints>
              <BranchPoints />
              <MethodPoint xsi:type="SequencePoint" vc="0" uspid="63" ordinal="0" offset="0" sl="17" sc="9" el="17" ec="10" bec="0" bev="0" fileid="2" />
            </Method>
            <Method visited="false" cyclomaticComplexity="1" nPathComplexity="0" sequenceCoverage="0" branchCoverage="0" crapScore="2" isConstructor="false" isStatic="false" isGetter="false" isSetter="false">
              <Summary numSequencePoints="14" visitedSequencePoints="0" numBranchPoints="1" visitedBranchPoints="0" sequenceCoverage="0" branchCoverage="0" maxCyclomaticComplexity="1" minCyclomaticComplexity="1" maxCrapScore="2" minCrapScore="2" visitedClasses="0" numClasses="0" visitedMethods="0" numMethods="1" />
              <MetadataToken>100663303</MetadataToken>
              <Name>System.Void Assignment5.Tests.RecipeBookTests::RecipeBookAddRemoveTest()</Name>
              <FileRef uid="2" />
              <SequencePoints>
                <SequencePoint vc="0" uspid="73" ordinal="0" offset="0" sl="30" sc="9" el="30" ec="10" bec="0" bev="0" fileid="2" />
                <SequencePoint vc="0" uspid="74" ordinal="1" offset="1" sl="31" sc="13" el="31" ec="58" bec="0" bev="0" fileid="2" />
                <SequencePoint vc="0" uspid="75" ordinal="2" offset="14" sl="32" sc="13" el="32" ec="39" bec="0" bev="0" fileid="2" />
                <SequencePoint vc="0" uspid="76" ordinal="3" offset="20" sl="33" sc="13" el="33" ec="46" bec="0" bev="0" fileid="2" />
                <SequencePoint vc="0" uspid="77" ordinal="4" offset="26" sl="34" sc="13" el="34" ec="41" bec="0" bev="0" fileid="2" />
                <SequencePoint vc="0" uspid="78" ordinal="5" offset="32" sl="35" sc="13" el="35" ec="71" bec="0" bev="0" fileid="2" />
                <SequencePoint vc="0" uspid="79" ordinal="6" offset="56" sl="36" sc="13" el="36" ec="38" bec="0" bev="0" fileid="2" />
                <SequencePoint vc="0" uspid="80" ordinal="7" offset="59" sl="37" sc="13" el="37" ec="33" bec="0" bev="0" fileid="2" />
                <SequencePoint vc="0" uspid="81" ordinal="8" offset="62" sl="38" sc="13" el="38" ec="131" bec="0" bev="0" fileid="2" />
                <SequencePoint vc="0" uspid="82" ordinal="9" offset="78" sl="39" sc="13" el="39" ec="49" bec="0" bev="0" fileid="2" />
                <SequencePoint vc="0" uspid="83" ordinal="10" offset="92" sl="40" sc="13" el="40" ec="53" bec="0" bev="0" fileid="2" />
                <SequencePoint vc="0" uspid="84" ordinal="11" offset="109" sl="41" sc="13" el="41" ec="58" bec="0" bev="0" fileid="2" />
                <SequencePoint vc="0" uspid="85" ordinal="12" offset="128" sl="42" sc="13" el="42" ec="69" bec="0" bev="0" fileid="2" />
                <SequencePoint vc="0" uspid="86" ordinal="13" offset="147" sl="44" sc="9" el="44" ec="10" bec="0" bev="0" fileid="2" />
              </SequencePoints>
              <BranchPoints />
              <MethodPoint xsi:type="SequencePoint" vc="0" uspid="73" ordinal="0" offset="0" sl="30" sc="9" el="30" ec="10" bec="0" bev="0" fileid="2" />
            </Method>
            <Method visited="false" cyclomaticComplexity="1" nPathComplexity="0" sequenceCoverage="0" branchCoverage="0" crapScore="2" isConstructor="false" isStatic="false" isGetter="false" isSetter="false">
              <Summary numSequencePoints="28" visitedSequencePoints="0" numBranchPoints="1" visitedBranchPoints="0" sequenceCoverage="0" branchCoverage="0" maxCyclomaticComplexity="1" minCyclomaticComplexity="1" maxCrapScore="2" minCrapScore="2" visitedClasses="0" numClasses="0" visitedMethods="0" numMethods="1" />
              <MetadataToken>100663304</MetadataToken>
              <Name>System.Void Assignment5.Tests.RecipeBookTests::RecipeBookLookUpTest()</Name>
              <FileRef uid="2" />
              <SequencePoints>
                <SequencePoint vc="0" uspid="87" ordinal="0" offset="0" sl="47" sc="9" el="47" ec="10" bec="0" bev="0" fileid="2" />
                <SequencePoint vc="0" uspid="88" ordinal="1" offset="1" sl="48" sc="13" el="48" ec="58" bec="0" bev="0" fileid="2" />
                <SequencePoint vc="0" uspid="89" ordinal="2" offset="14" sl="51" sc="13" el="51" ec="42" bec="0" bev="0" fileid="2" />
                <SequencePoint vc="0" uspid="90" ordinal="3" offset="20" sl="53" sc="13" el="53" ec="39" bec="0" bev="0" fileid="2" />
                <SequencePoint vc="0" uspid="91" ordinal="4" offset="26" sl="54" sc="13" el="54" ec="46" bec="0" bev="0" fileid="2" />
                <SequencePoint vc="0" uspid="92" ordinal="5" offset="32" sl="55" sc="13" el="55" ec="41" bec="0" bev="0" fileid="2" />
                <SequencePoint vc="0" uspid="93" ordinal="6" offset="39" sl="56" sc="13" el="56" ec="71" bec="0" bev="0" fileid="2" />
                <SequencePoint vc="0" uspid="94" ordinal="7" offset="63" sl="57" sc="13" el="57" ec="38" bec="0" bev="0" fileid="2" />
                <SequencePoint vc="0" uspid="95" ordinal="8" offset="66" sl="58" sc="13" el="58" ec="33" bec="0" bev="0" fileid="2" />
                <SequencePoint vc="0" uspid="96" ordinal="9" offset="69" sl="59" sc="13" el="59" ec="131" bec="0" bev="0" fileid="2" />
                <SequencePoint vc="0" uspid="97" ordinal="10" offset="86" sl="61" sc="13" el="61" ec="43" bec="0" bev="0" fileid="2" />
                <SequencePoint vc="0" uspid="98" ordinal="11" offset="93" sl="63" sc="13" el="63" ec="41" bec="0" bev="0" fileid="2" />
                <SequencePoint vc="0" uspid="99" ordinal="12" offset="100" sl="64" sc="13" el="64" ec="48" bec="0" bev="0" fileid="2" />
                <SequencePoint vc="0" uspid="100" ordinal="13" offset="107" sl="65" sc="13" el="65" ec="43" bec="0" bev="0" fileid="2" />
                <SequencePoint vc="0" uspid="101" ordinal="14" offset="114" sl="66" sc="13" el="66" ec="72" bec="0" bev="0" fileid="2" />
                <SequencePoint vc="0" uspid="102" ordinal="15" offset="138" sl="67" sc="13" el="67" ec="39" bec="0" bev="0" fileid="2" />
                <SequencePoint vc="0" uspid="103" ordinal="16" offset="141" sl="68" sc="13" el="68" ec="34" bec="0" bev="0" fileid="2" />
                <SequencePoint vc="0" uspid="104" ordinal="17" offset="144" sl="69" sc="13" el="69" ec="138" bec="0" bev="0" fileid="2" />
                <SequencePoint vc="0" uspid="105" ordinal="18" offset="163" sl="73" sc="13" el="73" ec="34" bec="0" bev="0" fileid="2" />
                <SequencePoint vc="0" uspid="106" ordinal="19" offset="172" sl="74" sc="13" el="74" ec="34" bec="0" bev="0" fileid="2" />
                <SequencePoint vc="0" uspid="107" ordinal="20" offset="181" sl="75" sc="13" el="75" ec="34" bec="0" bev="0" fileid="2" />
                <SequencePoint vc="0" uspid="108" ordinal="21" offset="190" sl="76" sc="13" el="76" ec="70" bec="0" bev="0" fileid="2" />
                <SequencePoint vc="0" uspid="109" ordinal="22" offset="209" sl="77" sc="13" el="77" ec="66" bec="0" bev="0" fileid="2" />
                <SequencePoint vc="0" uspid="110" ordinal="23" offset="228" sl="78" sc="13" el="78" ec="63" bec="0" bev="0" fileid="2" />
                <SequencePoint vc="0" uspid="111" ordinal="24" offset="242" sl="79" sc="13" el="79" ec="65" bec="0" bev="0" fileid="2" />
                <SequencePoint vc="0" uspid="112" ordinal="25" offset="256" sl="80" sc="13" el="80" ec="61" bec="0" bev="0" fileid="2" />
                <SequencePoint vc="0" uspid="113" ordinal="26" offset="269" sl="81" sc="13" el="81" ec="65" bec="0" bev="0" fileid="2" />
                <SequencePoint vc="0" uspid="114" ordinal="27" offset="282" sl="82" sc="9" el="82" ec="10" bec="0" bev="0" fileid="2" />
              </SequencePoints>
              <BranchPoints />
              <MethodPoint xsi:type="SequencePoint" vc="0" uspid="87" ordinal="0" offset="0" sl="47" sc="9" el="47" ec="10" bec="0" bev="0" fileid="2" />
            </Method>
            <Method visited="false" cyclomaticComplexity="1" nPathComplexity="0" sequenceCoverage="0" branchCoverage="0" crapScore="2" isConstructor="false" isStatic="false" isGetter="false" isSetter="false">
              <Summary numSequencePoints="14" visitedSequencePoints="0" numBranchPoints="1" visitedBranchPoints="0" sequenceCoverage="0" branchCoverage="0" maxCyclomaticComplexity="1" minCyclomaticComplexity="1" maxCrapScore="2" minCrapScore="2" visitedClasses="0" numClasses="0" visitedMethods="0" numMethods="1" />
              <MetadataToken>100663305</MetadataToken>
              <Name>System.Void Assignment5.Tests.RecipeBookTests::SaveTests()</Name>
              <FileRef uid="2" />
              <SequencePoints>
                <SequencePoint vc="0" uspid="115" ordinal="0" offset="0" sl="85" sc="9" el="85" ec="10" bec="0" bev="0" fileid="2" />
                <SequencePoint vc="0" uspid="116" ordinal="1" offset="1" sl="86" sc="13" el="86" ec="47" bec="0" bev="0" fileid="2" />
                <SequencePoint vc="0" uspid="117" ordinal="2" offset="7" sl="87" sc="13" el="87" ec="58" bec="0" bev="0" fileid="2" />
                <SequencePoint vc="0" uspid="118" ordinal="3" offset="20" sl="90" sc="13" el="90" ec="39" bec="0" bev="0" fileid="2" />
                <SequencePoint vc="0" uspid="119" ordinal="4" offset="26" sl="91" sc="13" el="91" ec="46" bec="0" bev="0" fileid="2" />
                <SequencePoint vc="0" uspid="120" ordinal="5" offset="32" sl="92" sc="13" el="92" ec="41" bec="0" bev="0" fileid="2" />
                <SequencePoint vc="0" uspid="121" ordinal="6" offset="39" sl="93" sc="13" el="93" ec="71" bec="0" bev="0" fileid="2" />
                <SequencePoint vc="0" uspid="122" ordinal="7" offset="63" sl="94" sc="13" el="94" ec="38" bec="0" bev="0" fileid="2" />
                <SequencePoint vc="0" uspid="123" ordinal="8" offset="66" sl="95" sc="13" el="95" ec="33" bec="0" bev="0" fileid="2" />
                <SequencePoint vc="0" uspid="124" ordinal="9" offset="69" sl="96" sc="13" el="96" ec="131" bec="0" bev="0" fileid="2" />
                <SequencePoint vc="0" uspid="125" ordinal="10" offset="86" sl="97" sc="13" el="97" ec="34" bec="0" bev="0" fileid="2" />
                <SequencePoint vc="0" uspid="126" ordinal="11" offset="95" sl="98" sc="13" el="98" ec="29" bec="0" bev="0" fileid="2" />
                <SequencePoint vc="0" uspid="127" ordinal="12" offset="103" sl="99" sc="13" el="99" ec="46" bec="0" bev="0" fileid="2" />
                <SequencePoint vc="0" uspid="128" ordinal="13" offset="115" sl="101" sc="9" el="101" ec="10" bec="0" bev="0" fileid="2" />
              </SequencePoints>
              <BranchPoints />
              <MethodPoint xsi:type="SequencePoint" vc="0" uspid="115" ordinal="0" offset="0" sl="85" sc="9" el="85" ec="10" bec="0" bev="0" fileid="2" />
            </Method>
            <Method visited="false" cyclomaticComplexity="1" nPathComplexity="0" sequenceCoverage="0" branchCoverage="0" crapScore="2" isConstructor="false" isStatic="false" isGetter="false" isSetter="false">
              <Summary numSequencePoints="7" visitedSequencePoints="0" numBranchPoints="1" visitedBranchPoints="0" sequenceCoverage="0" branchCoverage="0" maxCyclomaticComplexity="1" minCyclomaticComplexity="1" maxCrapScore="2" minCrapScore="2" visitedClasses="0" numClasses="0" visitedMethods="0" numMethods="1" />
              <MetadataToken>100663306</MetadataToken>
              <Name>System.Void Assignment5.Tests.RecipeBookTests::LoadTests()</Name>
              <FileRef uid="2" />
              <SequencePoints>
                <SequencePoint vc="0" uspid="129" ordinal="0" offset="0" sl="104" sc="9" el="104" ec="10" bec="0" bev="0" fileid="2" />
                <SequencePoint vc="0" uspid="130" ordinal="1" offset="1" sl="105" sc="13" el="105" ec="47" bec="0" bev="0" fileid="2" />
                <SequencePoint vc="0" uspid="131" ordinal="2" offset="7" sl="106" sc="13" el="106" ec="58" bec="0" bev="0" fileid="2" />
                <SequencePoint vc="0" uspid="132" ordinal="3" offset="20" sl="107" sc="13" el="107" ec="44" bec="0" bev="0" fileid="2" />
                <SequencePoint vc="0" uspid="133" ordinal="4" offset="33" sl="108" sc="13" el="108" ec="44" bec="0" bev="0" fileid="2" />
                <SequencePoint vc="0" uspid="134" ordinal="5" offset="39" sl="110" sc="13" el="110" ec="50" bec="0" bev="0" fileid="2" />
                <SequencePoint vc="0" uspid="135" ordinal="6" offset="52" sl="111" sc="9" el="111" ec="10" bec="0" bev="0" fileid="2" />
              </SequencePoints>
              <BranchPoints />
              <MethodPoint xsi:type="SequencePoint" vc="0" uspid="129" ordinal="0" offset="0" sl="104" sc="9" el="104" ec="10" bec="0" bev="0" fileid="2" />
            </Method>
            <Method visited="false" cyclomaticComplexity="1" nPathComplexity="0" sequenceCoverage="0" branchCoverage="0" crapScore="2" isConstructor="false" isStatic="false" isGetter="false" isSetter="false">
              <Summary numSequencePoints="12" visitedSequencePoints="0" numBranchPoints="1" visitedBranchPoints="0" sequenceCoverage="0" branchCoverage="0" maxCyclomaticComplexity="1" minCyclomaticComplexity="1" maxCrapScore="2" minCrapScore="2" visitedClasses="0" numClasses="0" visitedMethods="0" numMethods="1" />
              <MetadataToken>100663307</MetadataToken>
              <Name>System.Void Assignment5.Tests.RecipeBookTests::ListTest()</Name>
              <FileRef uid="2" />
              <SequencePoints>
                <SequencePoint vc="0" uspid="136" ordinal="0" offset="0" sl="114" sc="9" el="114" ec="10" bec="0" bev="0" fileid="2" />
                <SequencePoint vc="0" uspid="137" ordinal="1" offset="1" sl="115" sc="13" el="115" ec="58" bec="0" bev="0" fileid="2" />
                <SequencePoint vc="0" uspid="138" ordinal="2" offset="14" sl="116" sc="13" el="116" ec="39" bec="0" bev="0" fileid="2" />
                <SequencePoint vc="0" uspid="139" ordinal="3" offset="20" sl="117" sc="13" el="117" ec="46" bec="0" bev="0" fileid="2" />
                <SequencePoint vc="0" uspid="140" ordinal="4" offset="26" sl="118" sc="13" el="118" ec="41" bec="0" bev="0" fileid="2" />
                <SequencePoint vc="0" uspid="141" ordinal="5" offset="32" sl="119" sc="13" el="119" ec="71" bec="0" bev="0" fileid="2" />
                <SequencePoint vc="0" uspid="142" ordinal="6" offset="56" sl="120" sc="13" el="120" ec="38" bec="0" bev="0" fileid="2" />
                <SequencePoint vc="0" uspid="143" ordinal="7" offset="59" sl="121" sc="13" el="121" ec="33" bec="0" bev="0" fileid="2" />
                <SequencePoint vc="0" uspid="144" ordinal="8" offset="62" sl="122" sc="13" el="122" ec="131" bec="0" bev="0" fileid="2" />
                <SequencePoint vc="0" uspid="145" ordinal="9" offset="78" sl="123" sc="13" el="123" ec="34" bec="0" bev="0" fileid="2" />
                <SequencePoint vc="0" uspid="146" ordinal="10" offset="87" sl="124" sc="13" el="124" ec="65" bec="0" bev="0" fileid="2" />
                <SequencePoint vc="0" uspid="147" ordinal="11" offset="105" sl="125" sc="9" el="125" ec="10" bec="0" bev="0" fileid="2" />
              </SequencePoints>
              <BranchPoints />
              <MethodPoint xsi:type="SequencePoint" vc="0" uspid="136" ordinal="0" offset="0" sl="114" sc="9" el="114" ec="10" bec="0" bev="0" fileid="2" />
            </Method>
            <Method visited="false" cyclomaticComplexity="1" nPathComplexity="0" sequenceCoverage="0" branchCoverage="0" crapScore="2" isConstructor="false" isStatic="false" isGetter="false" isSetter="false">
              <Summary numSequencePoints="16" visitedSequencePoints="0" numBranchPoints="1" visitedBranchPoints="0" sequenceCoverage="0" branchCoverage="0" maxCyclomaticComplexity="1" minCyclomaticComplexity="1" maxCrapScore="2" minCrapScore="2" visitedClasses="0" numClasses="0" visitedMethods="0" numMethods="1" />
              <MetadataToken>100663308</MetadataToken>
              <Name>System.Void Assignment5.Tests.RecipeBookTests::ShowRecipeTest()</Name>
              <FileRef uid="2" />
              <SequencePoints>
                <SequencePoint vc="0" uspid="148" ordinal="0" offset="0" sl="128" sc="9" el="128" ec="10" bec="0" bev="0" fileid="2" />
                <SequencePoint vc="0" uspid="149" ordinal="1" offset="1" sl="129" sc="13" el="129" ec="58" bec="0" bev="0" fileid="2" />
                <SequencePoint vc="0" uspid="150" ordinal="2" offset="14" sl="130" sc="13" el="130" ec="39" bec="0" bev="0" fileid="2" />
                <SequencePoint vc="0" uspid="151" ordinal="3" offset="20" sl="131" sc="13" el="131" ec="46" bec="0" bev="0" fileid="2" />
                <SequencePoint vc="0" uspid="152" ordinal="4" offset="26" sl="132" sc="13" el="132" ec="41" bec="0" bev="0" fileid="2" />
                <SequencePoint vc="0" uspid="153" ordinal="5" offset="32" sl="133" sc="13" el="133" ec="71" bec="0" bev="0" fileid="2" />
                <SequencePoint vc="0" uspid="154" ordinal="6" offset="56" sl="134" sc="13" el="134" ec="38" bec="0" bev="0" fileid="2" />
                <SequencePoint vc="0" uspid="155" ordinal="7" offset="59" sl="135" sc="13" el="135" ec="33" bec="0" bev="0" fileid="2" />
                <SequencePoint vc="0" uspid="156" ordinal="8" offset="62" sl="136" sc="13" el="136" ec="131" bec="0" bev="0" fileid="2" />
                <SequencePoint vc="0" uspid="157" ordinal="9" offset="78" sl="137" sc="13" el="137" ec="57" bec="0" bev="0" fileid="2" />
                <SequencePoint vc="0" uspid="158" ordinal="10" offset="92" sl="138" sc="13" el="138" ec="60" bec="0" bev="0" fileid="2" />
                <SequencePoint vc="0" uspid="159" ordinal="11" offset="99" sl="139" sc="13" el="139" ec="76" bec="0" bev="0" fileid="2" />
                <SequencePoint vc="0" uspid="160" ordinal="12" offset="130" sl="140" sc="13" el="140" ec="31" bec="0" bev="0" fileid="2" />
                <SequencePoint vc="0" uspid="161" ordinal="13" offset="140" sl="141" sc="13" el="141" ec="47" bec="0" bev="0" fileid="2" />
                <SequencePoint vc="0" uspid="162" ordinal="14" offset="149" sl="142" sc="13" el="142" ec="56" bec="0" bev="0" fileid="2" />
                <SequencePoint vc="0" uspid="163" ordinal="15" offset="163" sl="143" sc="9" el="143" ec="10" bec="0" bev="0" fileid="2" />
              </SequencePoints>
              <BranchPoints />
              <MethodPoint xsi:type="SequencePoint" vc="0" uspid="148" ordinal="0" offset="0" sl="128" sc="9" el="128" ec="10" bec="0" bev="0" fileid="2" />
            </Method>
            <Method visited="false" cyclomaticComplexity="1" nPathComplexity="0" sequenceCoverage="0" branchCoverage="0" crapScore="2" isConstructor="true" isStatic="false" isGetter="false" isSetter="false">
              <Summary numSequencePoints="0" visitedSequencePoints="0" numBranchPoints="0" visitedBranchPoints="0" sequenceCoverage="0" branchCoverage="0" maxCyclomaticComplexity="1" minCyclomaticComplexity="1" maxCrapScore="2" minCrapScore="2" visitedClasses="0" numClasses="0" visitedMethods="0" numMethods="0" />
              <MetadataToken>100663309</MetadataToken>
              <Name>System.Void Assignment5.Tests.RecipeBookTests::.ctor()</Name>
              <SequencePoints />
              <BranchPoints />
              <MethodPoint vc="0" uspid="164" ordinal="0" offset="0" />
            </Method>
          </Methods>
        </Class>
        <Class>
          <Summary numSequencePoints="59" visitedSequencePoints="0" numBranchPoints="5" visitedBranchPoints="0" sequenceCoverage="0" branchCoverage="0" maxCyclomaticComplexity="4" minCyclomaticComplexity="1" maxCrapScore="20" minCrapScore="2" visitedClasses="0" numClasses="1" visitedMethods="0" numMethods="3" />
          <FullName>Assignment5.Tests.RecipeTests</FullName>
          <Methods>
            <Method visited="false" cyclomaticComplexity="1" nPathComplexity="0" sequenceCoverage="0" branchCoverage="0" crapScore="2" isConstructor="false" isStatic="false" isGetter="false" isSetter="false">
              <Summary numSequencePoints="19" visitedSequencePoints="0" numBranchPoints="1" visitedBranchPoints="0" sequenceCoverage="0" branchCoverage="0" maxCyclomaticComplexity="1" minCyclomaticComplexity="1" maxCrapScore="2" minCrapScore="2" visitedClasses="0" numClasses="0" visitedMethods="0" numMethods="1" />
              <MetadataToken>100663310</MetadataToken>
              <Name>System.Void Assignment5.Tests.RecipeTests::RecipeAddRemoveTest()</Name>
              <FileRef uid="3" />
              <SequencePoints>
                <SequencePoint vc="0" uspid="165" ordinal="0" offset="0" sl="17" sc="9" el="17" ec="10" bec="0" bev="0" fileid="3" />
                <SequencePoint vc="0" uspid="166" ordinal="1" offset="1" sl="19" sc="13" el="19" ec="39" bec="0" bev="0" fileid="3" />
                <SequencePoint vc="0" uspid="167" ordinal="2" offset="7" sl="20" sc="13" el="20" ec="46" bec="0" bev="0" fileid="3" />
                <SequencePoint vc="0" uspid="168" ordinal="3" offset="13" sl="21" sc="13" el="21" ec="41" bec="0" bev="0" fileid="3" />
                <SequencePoint vc="0" uspid="169" ordinal="4" offset="19" sl="22" sc="13" el="22" ec="71" bec="0" bev="0" fileid="3" />
                <SequencePoint vc="0" uspid="170" ordinal="5" offset="42" sl="23" sc="13" el="23" ec="38" bec="0" bev="0" fileid="3" />
                <SequencePoint vc="0" uspid="171" ordinal="6" offset="45" sl="24" sc="13" el="24" ec="33" bec="0" bev="0" fileid="3" />
                <SequencePoint vc="0" uspid="172" ordinal="7" offset="48" sl="26" sc="13" el="26" ec="131" bec="0" bev="0" fileid="3" />
                <SequencePoint vc="0" uspid="173" ordinal="8" offset="63" sl="27" sc="13" el="27" ec="36" bec="0" bev="0" fileid="3" />
                <SequencePoint vc="0" uspid="174" ordinal="9" offset="70" sl="28" sc="13" el="28" ec="50" bec="0" bev="0" fileid="3" />
                <SequencePoint vc="0" uspid="175" ordinal="10" offset="77" sl="29" sc="13" el="29" ec="39" bec="0" bev="0" fileid="3" />
                <SequencePoint vc="0" uspid="176" ordinal="11" offset="88" sl="30" sc="13" el="30" ec="36" bec="0" bev="0" fileid="3" />
                <SequencePoint vc="0" uspid="177" ordinal="12" offset="95" sl="31" sc="13" el="31" ec="91" bec="0" bev="0" fileid="3" />
                <SequencePoint vc="0" uspid="178" ordinal="13" offset="110" sl="33" sc="13" el="33" ec="61" bec="0" bev="0" fileid="3" />
                <SequencePoint vc="0" uspid="179" ordinal="14" offset="125" sl="34" sc="13" el="34" ec="74" bec="0" bev="0" fileid="3" />
                <SequencePoint vc="0" uspid="180" ordinal="15" offset="143" sl="35" sc="13" el="35" ec="69" bec="0" bev="0" fileid="3" />
                <SequencePoint vc="0" uspid="181" ordinal="16" offset="163" sl="39" sc="13" el="39" ec="54" bec="0" bev="0" fileid="3" />
                <SequencePoint vc="0" uspid="182" ordinal="17" offset="172" sl="40" sc="13" el="40" ec="65" bec="0" bev="0" fileid="3" />
                <SequencePoint vc="0" uspid="183" ordinal="18" offset="186" sl="41" sc="9" el="41" ec="10" bec="0" bev="0" fileid="3" />
              </SequencePoints>
              <BranchPoints />
              <MethodPoint xsi:type="SequencePoint" vc="0" uspid="165" ordinal="0" offset="0" sl="17" sc="9" el="17" ec="10" bec="0" bev="0" fileid="3" />
            </Method>
            <Method visited="false" cyclomaticComplexity="1" nPathComplexity="0" sequenceCoverage="0" branchCoverage="0" crapScore="2" isConstructor="false" isStatic="false" isGetter="false" isSetter="false">
              <Summary numSequencePoints="12" visitedSequencePoints="0" numBranchPoints="1" visitedBranchPoints="0" sequenceCoverage="0" branchCoverage="0" maxCyclomaticComplexity="1" minCyclomaticComplexity="1" maxCrapScore="2" minCrapScore="2" visitedClasses="0" numClasses="0" visitedMethods="0" numMethods="1" />
              <MetadataToken>100663311</MetadataToken>
              <Name>System.Void Assignment5.Tests.RecipeTests::RecipeToStringOverrideTest()</Name>
              <FileRef uid="3" />
              <SequencePoints>
                <SequencePoint vc="0" uspid="184" ordinal="0" offset="0" sl="44" sc="9" el="44" ec="10" bec="0" bev="0" fileid="3" />
                <SequencePoint vc="0" uspid="185" ordinal="1" offset="1" sl="45" sc="13" el="45" ec="39" bec="0" bev="0" fileid="3" />
                <SequencePoint vc="0" uspid="186" ordinal="2" offset="7" sl="46" sc="13" el="46" ec="46" bec="0" bev="0" fileid="3" />
                <SequencePoint vc="0" uspid="187" ordinal="3" offset="13" sl="47" sc="13" el="47" ec="41" bec="0" bev="0" fileid="3" />
                <SequencePoint vc="0" uspid="188" ordinal="4" offset="19" sl="48" sc="13" el="48" ec="71" bec="0" bev="0" fileid="3" />
                <SequencePoint vc="0" uspid="189" ordinal="5" offset="42" sl="49" sc="13" el="49" ec="38" bec="0" bev="0" fileid="3" />
                <SequencePoint vc="0" uspid="190" ordinal="6" offset="45" sl="50" sc="13" el="50" ec="33" bec="0" bev="0" fileid="3" />
                <SequencePoint vc="0" uspid="191" ordinal="7" offset="48" sl="51" sc="13" el="51" ec="125" bec="0" bev="0" fileid="3" />
                <SequencePoint vc="0" uspid="192" ordinal="8" offset="63" sl="52" sc="13" el="52" ec="192" bec="0" bev="0" fileid="3" />
                <SequencePoint vc="0" uspid="193" ordinal="9" offset="113" sl="53" sc="13" el="53" ec="45" bec="0" bev="0" fileid="3" />
                <SequencePoint vc="0" uspid="194" ordinal="10" offset="122" sl="54" sc="13" el="54" ec="46" bec="0" bev="0" fileid="3" />
                <SequencePoint vc="0" uspid="195" ordinal="11" offset="132" sl="55" sc="9" el="55" ec="10" bec="0" bev="0" fileid="3" />
              </SequencePoints>
              <BranchPoints />
              <MethodPoint xsi:type="SequencePoint" vc="0" uspid="184" ordinal="0" offset="0" sl="44" sc="9" el="44" ec="10" bec="0" bev="0" fileid="3" />
            </Method>
            <Method visited="false" cyclomaticComplexity="4" nPathComplexity="2" sequenceCoverage="0" branchCoverage="0" crapScore="20" isConstructor="false" isStatic="false" isGetter="false" isSetter="false">
              <Summary numSequencePoints="28" visitedSequencePoints="0" numBranchPoints="3" visitedBranchPoints="0" sequenceCoverage="0" branchCoverage="0" maxCyclomaticComplexity="4" minCyclomaticComplexity="4" maxCrapScore="20" minCrapScore="20" visitedClasses="0" numClasses="0" visitedMethods="0" numMethods="1" />
              <MetadataToken>100663312</MetadataToken>
              <Name>System.Void Assignment5.Tests.RecipeTests::RecipeSerializeTests()</Name>
              <FileRef uid="3" />
              <SequencePoints>
                <SequencePoint vc="0" uspid="196" ordinal="0" offset="0" sl="59" sc="9" el="59" ec="10" bec="0" bev="0" fileid="3" />
                <SequencePoint vc="0" uspid="197" ordinal="1" offset="1" sl="60" sc="13" el="60" ec="80" bec="0" bev="0" fileid="3" />
                <SequencePoint vc="0" uspid="198" ordinal="2" offset="31" sl="61" sc="13" el="64" ec="15" bec="0" bev="0" fileid="3" />
                <SequencePoint vc="0" uspid="199" ordinal="3" offset="45" sl="65" sc="13" el="65" ec="71" bec="0" bev="0" fileid="3" />
                <SequencePoint vc="0" uspid="200" ordinal="4" offset="68" sl="66" sc="13" el="66" ec="106" bec="0" bev="0" fileid="3" />
                <SequencePoint vc="0" uspid="201" ordinal="5" offset="92" sl="67" sc="20" el="67" ec="77" bec="0" bev="0" fileid="3" />
                <SequencePoint vc="0" uspid="202" ordinal="6" offset="104" sl="68" sc="13" el="68" ec="14" bec="0" bev="0" fileid="3" />
                <SequencePoint vc="0" uspid="203" ordinal="7" offset="105" sl="69" sc="17" el="69" ec="46" bec="0" bev="0" fileid="3" />
                <SequencePoint vc="0" uspid="204" ordinal="8" offset="114" sl="70" sc="13" el="70" ec="14" bec="0" bev="0" fileid="3" />
                <SequencePoint vc="0" uspid="205" ordinal="9" offset="130" sl="72" sc="20" el="72" ec="77" bec="0" bev="0" fileid="3" />
                <SequencePoint vc="0" uspid="206" ordinal="10" offset="142" sl="73" sc="13" el="73" ec="14" bec="0" bev="0" fileid="3" />
                <SequencePoint vc="0" uspid="207" ordinal="11" offset="143" sl="74" sc="17" el="74" ec="54" bec="0" bev="0" fileid="3" />
                <SequencePoint vc="0" uspid="208" ordinal="12" offset="152" sl="75" sc="13" el="75" ec="14" bec="0" bev="0" fileid="3" />
                <SequencePoint vc="0" uspid="209" ordinal="13" offset="168" sl="76" sc="13" el="76" ec="61" bec="0" bev="0" fileid="3" />
                <SequencePoint vc="0" uspid="210" ordinal="14" offset="187" sl="77" sc="13" el="77" ec="76" bec="0" bev="0" fileid="3" />
                <SequencePoint vc="0" uspid="211" ordinal="15" offset="206" sl="78" sc="13" el="78" ec="76" bec="0" bev="0" fileid="3" />
                <SequencePoint vc="0" uspid="212" ordinal="16" offset="225" sl="79" sc="13" el="79" ec="66" bec="0" bev="0" fileid="3" />
                <SequencePoint vc="0" uspid="213" ordinal="17" offset="244" sl="80" sc="13" el="80" ec="78" bec="0" bev="0" fileid="3" />
                <SequencePoint vc="0" uspid="214" ordinal="18" offset="263" sl="81" sc="18" el="81" ec="27" bec="0" bev="0" fileid="3" />
                <SequencePoint vc="0" uspid="215" ordinal="19" offset="271" sl="82" sc="13" el="82" ec="14" bec="0" bev="0" fileid="3" />
                <SequencePoint vc="0" uspid="216" ordinal="20" offset="272" sl="83" sc="17" el="83" ec="116" bec="0" bev="0" fileid="3" />
                <SequencePoint vc="0" uspid="217" ordinal="21" offset="315" sl="84" sc="17" el="84" ec="101" bec="0" bev="0" fileid="3" />
                <SequencePoint vc="0" uspid="218" ordinal="22" offset="358" sl="85" sc="17" el="85" ec="110" bec="0" bev="0" fileid="3" />
                <SequencePoint vc="0" uspid="219" ordinal="23" offset="401" sl="86" sc="17" el="86" ec="102" bec="0" bev="0" fileid="3" />
                <SequencePoint vc="0" uspid="220" ordinal="24" offset="444" sl="87" sc="13" el="87" ec="14" bec="0" bev="0" fileid="3" />
                <SequencePoint vc="0" uspid="221" ordinal="25" offset="445" sl="81" sc="67" el="81" ec="70" bec="0" bev="0" fileid="3" />
                <SequencePoint vc="0" uspid="222" ordinal="26" offset="451" sl="81" sc="29" el="81" ec="65" bec="2" bev="0" fileid="3" />
                <SequencePoint vc="0" uspid="223" ordinal="27" offset="475" sl="88" sc="9" el="88" ec="10" bec="0" bev="0" fileid="3" />
              </SequencePoints>
              <BranchPoints>
                <BranchPoint vc="0" uspid="224" ordinal="0" offset="470" sl="81" path="0" offsetend="475" fileid="3" />
                <BranchPoint vc="0" uspid="225" ordinal="1" offset="470" sl="81" path="1" offsetend="271" fileid="3" />
              </BranchPoints>
              <MethodPoint xsi:type="SequencePoint" vc="0" uspid="196" ordinal="0" offset="0" sl="59" sc="9" el="59" ec="10" bec="0" bev="0" fileid="3" />
            </Method>
            <Method visited="false" cyclomaticComplexity="1" nPathComplexity="0" sequenceCoverage="0" branchCoverage="0" crapScore="2" isConstructor="true" isStatic="false" isGetter="false" isSetter="false">
              <Summary numSequencePoints="0" visitedSequencePoints="0" numBranchPoints="0" visitedBranchPoints="0" sequenceCoverage="0" branchCoverage="0" maxCyclomaticComplexity="1" minCyclomaticComplexity="1" maxCrapScore="2" minCrapScore="2" visitedClasses="0" numClasses="0" visitedMethods="0" numMethods="0" />
              <MetadataToken>100663313</MetadataToken>
              <Name>System.Void Assignment5.Tests.RecipeTests::.ctor()</Name>
              <SequencePoints />
              <BranchPoints />
              <MethodPoint vc="0" uspid="226" ordinal="0" offset="0" />
            </Method>
          </Methods>
        </Class>
      </Classes>
      <TrackedMethods>
        <TrackedMethod uid="1" token="100663297" name="System.Void Assignment5.Tests.IngredientTests::IngredientconstTest()" strategy="MSTestTest" />
        <TrackedMethod uid="2" token="100663298" name="System.Void Assignment5.Tests.IngredientTests::SerializeTests()" strategy="MSTestTest" />
        <TrackedMethod uid="3" token="100663299" name="System.Void Assignment5.Tests.IngredientTests::ToStringTest()" strategy="MSTestTest" />
        <TrackedMethod uid="4" token="100663300" name="System.Void Assignment5.Tests.IngredientTests::InitiationTest()" strategy="MSTestTest" />
        <TrackedMethod uid="5" token="100663302" name="System.Void Assignment5.Tests.RecipeBookTests::RecipeBookconstTest()" strategy="MSTestTest" />
        <TrackedMethod uid="6" token="100663303" name="System.Void Assignment5.Tests.RecipeBookTests::RecipeBookAddRemoveTest()" strategy="MSTestTest" />
        <TrackedMethod uid="7" token="100663304" name="System.Void Assignment5.Tests.RecipeBookTests::RecipeBookLookUpTest()" strategy="MSTestTest" />
        <TrackedMethod uid="8" token="100663305" name="System.Void Assignment5.Tests.RecipeBookTests::SaveTests()" strategy="MSTestTest" />
        <TrackedMethod uid="9" token="100663306" name="System.Void Assignment5.Tests.RecipeBookTests::LoadTests()" strategy="MSTestTest" />
        <TrackedMethod uid="10" token="100663307" name="System.Void Assignment5.Tests.RecipeBookTests::ListTest()" strategy="MSTestTest" />
        <TrackedMethod uid="11" token="100663308" name="System.Void Assignment5.Tests.RecipeBookTests::ShowRecipeTest()" strategy="MSTestTest" />
        <TrackedMethod uid="12" token="100663310" name="System.Void Assignment5.Tests.RecipeTests::RecipeAddRemoveTest()" strategy="MSTestTest" />
        <TrackedMethod uid="13" token="100663311" name="System.Void Assignment5.Tests.RecipeTests::RecipeToStringOverrideTest()" strategy="MSTestTest" />
        <TrackedMethod uid="14" token="100663312" name="System.Void Assignment5.Tests.RecipeTests::RecipeSerializeTests()" strategy="MSTestTest" />
      </TrackedMethods>
    </Module>
    <Module hash="92-5D-10-CE-6D-69-D5-15-78-FD-FC-C4-A3-CE-95-5E-8B-26-96-4D">
      <Summary numSequencePoints="385" visitedSequencePoints="45" numBranchPoints="114" visitedBranchPoints="11" sequenceCoverage="11.69" branchCoverage="9.65" maxCyclomaticComplexity="16" minCyclomaticComplexity="1" maxCrapScore="272" minCrapScore="1" visitedClasses="1" numClasses="4" visitedMethods="5" numMethods="29" />
      <ModulePath>C:\Users\Pooya\source\repos\APClass Main\CookBook Filed\CookBookTests\bin\Debug\CookBook.exe</ModulePath>
      <ModuleTime>2018-04-28T10:26:11.3202116Z</ModuleTime>
      <ModuleName>CookBook</ModuleName>
      <Files>
        <File uid="7" fullPath="C:\Users\Pooya\source\repos\APClass Main\CookBook Filed\CookBook\Ingredient.cs" />
        <File uid="8" fullPath="C:\Users\Pooya\source\repos\APClass Main\CookBook Filed\CookBook\Program.cs" />
        <File uid="9" fullPath="C:\Users\Pooya\source\repos\APClass Main\CookBook Filed\CookBook\Recipe.cs" />
        <File uid="10" fullPath="C:\Users\Pooya\source\repos\APClass Main\CookBook Filed\CookBook\RecipeBook.cs" />
      </Files>
      <Classes>
        <Class>
          <Summary numSequencePoints="49" visitedSequencePoints="45" numBranchPoints="15" visitedBranchPoints="11" sequenceCoverage="91.84" branchCoverage="73.33" maxCyclomaticComplexity="6" minCyclomaticComplexity="1" maxCrapScore="6.13" minCrapScore="1" visitedClasses="1" numClasses="1" visitedMethods="5" numMethods="5" />
          <FullName>Assignment5.Ingredient</FullName>
          <Methods>
            <Method skippedDueTo="AutoImplementedProperty" visited="false" cyclomaticComplexity="1" nPathComplexity="0" sequenceCoverage="0" branchCoverage="0" crapScore="0" isConstructor="false" isStatic="false" isGetter="true" isSetter="false">
              <MetadataToken>100663298</MetadataToken>
              <Name>System.String Assignment5.Ingredient::get_Name()</Name>
              <FileRef uid="7" />
              <SequencePoints />
              <BranchPoints />
            </Method>
            <Method skippedDueTo="AutoImplementedProperty" visited="false" cyclomaticComplexity="1" nPathComplexity="0" sequenceCoverage="0" branchCoverage="0" crapScore="0" isConstructor="false" isStatic="false" isGetter="false" isSetter="true">
              <MetadataToken>100663299</MetadataToken>
              <Name>System.Void Assignment5.Ingredient::set_Name(System.String)</Name>
              <FileRef uid="7" />
              <SequencePoints />
              <BranchPoints />
            </Method>
            <Method skippedDueTo="AutoImplementedProperty" visited="false" cyclomaticComplexity="1" nPathComplexity="0" sequenceCoverage="0" branchCoverage="0" crapScore="0" isConstructor="false" isStatic="false" isGetter="true" isSetter="false">
              <MetadataToken>100663300</MetadataToken>
              <Name>System.String Assignment5.Ingredient::get_Description()</Name>
              <FileRef uid="7" />
              <SequencePoints />
              <BranchPoints />
            </Method>
            <Method skippedDueTo="AutoImplementedProperty" visited="false" cyclomaticComplexity="1" nPathComplexity="0" sequenceCoverage="0" branchCoverage="0" crapScore="0" isConstructor="false" isStatic="false" isGetter="false" isSetter="true">
              <MetadataToken>100663301</MetadataToken>
              <Name>System.Void Assignment5.Ingredient::set_Description(System.String)</Name>
              <FileRef uid="7" />
              <SequencePoints />
              <BranchPoints />
            </Method>
            <Method skippedDueTo="AutoImplementedProperty" visited="false" cyclomaticComplexity="1" nPathComplexity="0" sequenceCoverage="0" branchCoverage="0" crapScore="0" isConstructor="false" isStatic="false" isGetter="true" isSetter="false">
              <MetadataToken>100663302</MetadataToken>
              <Name>System.Double Assignment5.Ingredient::get_Quantity()</Name>
              <FileRef uid="7" />
              <SequencePoints />
              <BranchPoints />
            </Method>
            <Method skippedDueTo="AutoImplementedProperty" visited="false" cyclomaticComplexity="1" nPathComplexity="0" sequenceCoverage="0" branchCoverage="0" crapScore="0" isConstructor="false" isStatic="false" isGetter="false" isSetter="true">
              <MetadataToken>100663303</MetadataToken>
              <Name>System.Void Assignment5.Ingredient::set_Quantity(System.Double)</Name>
              <FileRef uid="7" />
              <SequencePoints />
              <BranchPoints />
            </Method>
            <Method skippedDueTo="AutoImplementedProperty" visited="false" cyclomaticComplexity="1" nPathComplexity="0" sequenceCoverage="0" branchCoverage="0" crapScore="0" isConstructor="false" isStatic="false" isGetter="true" isSetter="false">
              <MetadataToken>100663304</MetadataToken>
              <Name>System.String Assignment5.Ingredient::get_Unit()</Name>
              <FileRef uid="7" />
              <SequencePoints />
              <BranchPoints />
            </Method>
            <Method skippedDueTo="AutoImplementedProperty" visited="false" cyclomaticComplexity="1" nPathComplexity="0" sequenceCoverage="0" branchCoverage="0" crapScore="0" isConstructor="false" isStatic="false" isGetter="false" isSetter="true">
              <MetadataToken>100663305</MetadataToken>
              <Name>System.Void Assignment5.Ingredient::set_Unit(System.String)</Name>
              <FileRef uid="7" />
              <SequencePoints />
              <BranchPoints />
            </Method>
            <Method visited="true" cyclomaticComplexity="1" nPathComplexity="0" sequenceCoverage="100" branchCoverage="100" crapScore="1" isConstructor="true" isStatic="false" isGetter="false" isSetter="false">
              <Summary numSequencePoints="7" visitedSequencePoints="7" numBranchPoints="1" visitedBranchPoints="1" sequenceCoverage="100" branchCoverage="100" maxCyclomaticComplexity="1" minCyclomaticComplexity="1" maxCrapScore="1" minCrapScore="1" visitedClasses="0" numClasses="0" visitedMethods="1" numMethods="1" />
              <MetadataToken>100663297</MetadataToken>
              <Name>System.Void Assignment5.Ingredient::.ctor(System.String,System.String,System.Double,System.String)</Name>
              <FileRef uid="7" />
              <SequencePoints>
                <SequencePoint vc="7" uspid="227" ordinal="0" offset="0" sl="22" sc="9" el="22" ec="89" bec="0" bev="0" fileid="7">
                  <TrackedMethodRefs>
                    <TrackedMethodRef uid="1" vc="2" />
                    <TrackedMethodRef uid="4" vc="2" />
                    <TrackedMethodRef uid="2" vc="2" />
                    <TrackedMethodRef uid="3" vc="1" />
                  </TrackedMethodRefs>
                </SequencePoint>
                <SequencePoint vc="7" uspid="228" ordinal="1" offset="7" sl="23" sc="9" el="23" ec="10" bec="0" bev="0" fileid="7">
                  <TrackedMethodRefs>
                    <TrackedMethodRef uid="1" vc="2" />
                    <TrackedMethodRef uid="4" vc="2" />
                    <TrackedMethodRef uid="2" vc="2" />
                    <TrackedMethodRef uid="3" vc="1" />
                  </TrackedMethodRefs>
                </SequencePoint>
                <SequencePoint vc="7" uspid="229" ordinal="2" offset="8" sl="24" sc="13" el="24" ec="30" bec="0" bev="0" fileid="7">
                  <TrackedMethodRefs>
                    <TrackedMethodRef uid="1" vc="2" />
                    <TrackedMethodRef uid="4" vc="2" />
                    <TrackedMethodRef uid="2" vc="2" />
                    <TrackedMethodRef uid="3" vc="1" />
                  </TrackedMethodRefs>
                </SequencePoint>
                <SequencePoint vc="7" uspid="230" ordinal="3" offset="16" sl="25" sc="13" el="25" ec="44" bec="0" bev="0" fileid="7">
                  <TrackedMethodRefs>
                    <TrackedMethodRef uid="1" vc="2" />
                    <TrackedMethodRef uid="4" vc="2" />
                    <TrackedMethodRef uid="2" vc="2" />
                    <TrackedMethodRef uid="3" vc="1" />
                  </TrackedMethodRefs>
                </SequencePoint>
                <SequencePoint vc="7" uspid="231" ordinal="4" offset="24" sl="26" sc="13" el="26" ec="38" bec="0" bev="0" fileid="7">
                  <TrackedMethodRefs>
                    <TrackedMethodRef uid="1" vc="2" />
                    <TrackedMethodRef uid="4" vc="2" />
                    <TrackedMethodRef uid="2" vc="2" />
                    <TrackedMethodRef uid="3" vc="1" />
                  </TrackedMethodRefs>
                </SequencePoint>
                <SequencePoint vc="7" uspid="232" ordinal="5" offset="32" sl="27" sc="13" el="27" ec="30" bec="0" bev="0" fileid="7">
                  <TrackedMethodRefs>
                    <TrackedMethodRef uid="1" vc="2" />
                    <TrackedMethodRef uid="4" vc="2" />
                    <TrackedMethodRef uid="2" vc="2" />
                    <TrackedMethodRef uid="3" vc="1" />
                  </TrackedMethodRefs>
                </SequencePoint>
                <SequencePoint vc="7" uspid="233" ordinal="6" offset="41" sl="29" sc="9" el="29" ec="10" bec="0" bev="0" fileid="7">
                  <TrackedMethodRefs>
                    <TrackedMethodRef uid="1" vc="2" />
                    <TrackedMethodRef uid="4" vc="2" />
                    <TrackedMethodRef uid="2" vc="2" />
                    <TrackedMethodRef uid="3" vc="1" />
                  </TrackedMethodRefs>
                </SequencePoint>
              </SequencePoints>
              <BranchPoints />
              <MethodPoint xsi:type="SequencePoint" vc="7" uspid="227" ordinal="0" offset="0" sl="22" sc="9" el="22" ec="89" bec="0" bev="0" fileid="7">
                <TrackedMethodRefs>
                  <TrackedMethodRef uid="1" vc="2" />
                  <TrackedMethodRef uid="4" vc="2" />
                  <TrackedMethodRef uid="2" vc="2" />
                  <TrackedMethodRef uid="3" vc="1" />
                </TrackedMethodRefs>
              </MethodPoint>
            </Method>
            <Method visited="true" cyclomaticComplexity="1" nPathComplexity="0" sequenceCoverage="100" branchCoverage="100" crapScore="1" isConstructor="false" isStatic="false" isGetter="false" isSetter="false">
              <Summary numSequencePoints="3" visitedSequencePoints="3" numBranchPoints="1" visitedBranchPoints="1" sequenceCoverage="100" branchCoverage="100" maxCyclomaticComplexity="1" minCyclomaticComplexity="1" maxCrapScore="1" minCrapScore="1" visitedClasses="0" numClasses="0" visitedMethods="1" numMethods="1" />
              <MetadataToken>100663306</MetadataToken>
              <Name>System.String Assignment5.Ingredient::ToString()</Name>
              <FileRef uid="7" />
              <SequencePoints>
                <SequencePoint vc="3" uspid="234" ordinal="0" offset="0" sl="56" sc="9" el="56" ec="10" bec="0" bev="0" fileid="7">
                  <TrackedMethodRefs>
                    <TrackedMethodRef uid="4" vc="2" />
                    <TrackedMethodRef uid="3" vc="1" />
                  </TrackedMethodRefs>
                </SequencePoint>
                <SequencePoint vc="3" uspid="235" ordinal="1" offset="1" sl="57" sc="13" el="57" ec="68" bec="0" bev="0" fileid="7">
                  <TrackedMethodRefs>
                    <TrackedMethodRef uid="4" vc="2" />
                    <TrackedMethodRef uid="3" vc="1" />
                  </TrackedMethodRefs>
                </SequencePoint>
                <SequencePoint vc="3" uspid="236" ordinal="2" offset="61" sl="58" sc="9" el="58" ec="10" bec="0" bev="0" fileid="7">
                  <TrackedMethodRefs>
                    <TrackedMethodRef uid="4" vc="2" />
                    <TrackedMethodRef uid="3" vc="1" />
                  </TrackedMethodRefs>
                </SequencePoint>
              </SequencePoints>
              <BranchPoints />
              <MethodPoint xsi:type="SequencePoint" vc="3" uspid="234" ordinal="0" offset="0" sl="56" sc="9" el="56" ec="10" bec="0" bev="0" fileid="7">
                <TrackedMethodRefs>
                  <TrackedMethodRef uid="4" vc="2" />
                  <TrackedMethodRef uid="3" vc="1" />
                </TrackedMethodRefs>
              </MethodPoint>
            </Method>
            <Method visited="true" cyclomaticComplexity="1" nPathComplexity="0" sequenceCoverage="100" branchCoverage="100" crapScore="1" isConstructor="false" isStatic="false" isGetter="false" isSetter="false">
              <Summary numSequencePoints="6" visitedSequencePoints="6" numBranchPoints="1" visitedBranchPoints="1" sequenceCoverage="100" branchCoverage="100" maxCyclomaticComplexity="1" minCyclomaticComplexity="1" maxCrapScore="1" minCrapScore="1" visitedClasses="0" numClasses="0" visitedMethods="1" numMethods="1" />
              <MetadataToken>100663307</MetadataToken>
              <Name>System.Void Assignment5.Ingredient::Serilize(System.IO.StreamWriter)</Name>
              <FileRef uid="7" />
              <SequencePoints>
                <SequencePoint vc="1" uspid="237" ordinal="0" offset="0" sl="60" sc="9" el="60" ec="10" bec="0" bev="0" fileid="7">
                  <TrackedMethodRefs>
                    <TrackedMethodRef uid="2" vc="1" />
                  </TrackedMethodRefs>
                </SequencePoint>
                <SequencePoint vc="1" uspid="238" ordinal="1" offset="1" sl="61" sc="13" el="61" ec="36" bec="0" bev="0" fileid="7">
                  <TrackedMethodRefs>
                    <TrackedMethodRef uid="2" vc="1" />
                  </TrackedMethodRefs>
                </SequencePoint>
                <SequencePoint vc="1" uspid="239" ordinal="2" offset="14" sl="62" sc="13" el="62" ec="43" bec="0" bev="0" fileid="7">
                  <TrackedMethodRefs>
                    <TrackedMethodRef uid="2" vc="1" />
                  </TrackedMethodRefs>
                </SequencePoint>
                <SequencePoint vc="1" uspid="240" ordinal="3" offset="27" sl="63" sc="13" el="63" ec="40" bec="0" bev="0" fileid="7">
                  <TrackedMethodRefs>
                    <TrackedMethodRef uid="2" vc="1" />
                  </TrackedMethodRefs>
                </SequencePoint>
                <SequencePoint vc="1" uspid="241" ordinal="4" offset="40" sl="64" sc="13" el="64" ec="36" bec="0" bev="0" fileid="7">
                  <TrackedMethodRefs>
                    <TrackedMethodRef uid="2" vc="1" />
                  </TrackedMethodRefs>
                </SequencePoint>
                <SequencePoint vc="1" uspid="242" ordinal="5" offset="53" sl="65" sc="9" el="65" ec="10" bec="0" bev="0" fileid="7">
                  <TrackedMethodRefs>
                    <TrackedMethodRef uid="2" vc="1" />
                  </TrackedMethodRefs>
                </SequencePoint>
              </SequencePoints>
              <BranchPoints />
              <MethodPoint xsi:type="SequencePoint" vc="1" uspid="237" ordinal="0" offset="0" sl="60" sc="9" el="60" ec="10" bec="0" bev="0" fileid="7">
                <TrackedMethodRefs>
                  <TrackedMethodRef uid="2" vc="1" />
                </TrackedMethodRefs>
              </MethodPoint>
            </Method>
            <Method visited="true" cyclomaticComplexity="1" nPathComplexity="0" sequenceCoverage="100" branchCoverage="100" crapScore="1" isConstructor="false" isStatic="true" isGetter="false" isSetter="false">
              <Summary numSequencePoints="7" visitedSequencePoints="7" numBranchPoints="1" visitedBranchPoints="1" sequenceCoverage="100" branchCoverage="100" maxCyclomaticComplexity="1" minCyclomaticComplexity="1" maxCrapScore="1" minCrapScore="1" visitedClasses="0" numClasses="0" visitedMethods="1" numMethods="1" />
              <MetadataToken>100663308</MetadataToken>
              <Name>Assignment5.Ingredient Assignment5.Ingredient::Deserialize(System.IO.StreamReader)</Name>
              <FileRef uid="7" />
              <SequencePoints>
                <SequencePoint vc="1" uspid="243" ordinal="0" offset="0" sl="68" sc="9" el="68" ec="10" bec="0" bev="0" fileid="7">
                  <TrackedMethodRefs>
                    <TrackedMethodRef uid="2" vc="1" />
                  </TrackedMethodRefs>
                </SequencePoint>
                <SequencePoint vc="1" uspid="244" ordinal="1" offset="1" sl="69" sc="13" el="69" ec="46" bec="0" bev="0" fileid="7">
                  <TrackedMethodRefs>
                    <TrackedMethodRef uid="2" vc="1" />
                  </TrackedMethodRefs>
                </SequencePoint>
                <SequencePoint vc="1" uspid="245" ordinal="2" offset="8" sl="70" sc="13" el="70" ec="53" bec="0" bev="0" fileid="7">
                  <TrackedMethodRefs>
                    <TrackedMethodRef uid="2" vc="1" />
                  </TrackedMethodRefs>
                </SequencePoint>
                <SequencePoint vc="1" uspid="246" ordinal="3" offset="15" sl="71" sc="13" el="71" ec="64" bec="0" bev="0" fileid="7">
                  <TrackedMethodRefs>
                    <TrackedMethodRef uid="2" vc="1" />
                  </TrackedMethodRefs>
                </SequencePoint>
                <SequencePoint vc="1" uspid="247" ordinal="4" offset="27" sl="72" sc="13" el="72" ec="46" bec="0" bev="0" fileid="7">
                  <TrackedMethodRefs>
                    <TrackedMethodRef uid="2" vc="1" />
                  </TrackedMethodRefs>
                </SequencePoint>
                <SequencePoint vc="1" uspid="248" ordinal="5" offset="34" sl="73" sc="13" el="73" ec="74" bec="0" bev="0" fileid="7">
                  <TrackedMethodRefs>
                    <TrackedMethodRef uid="2" vc="1" />
                  </TrackedMethodRefs>
                </SequencePoint>
                <SequencePoint vc="1" uspid="249" ordinal="6" offset="47" sl="74" sc="9" el="74" ec="10" bec="0" bev="0" fileid="7">
                  <TrackedMethodRefs>
                    <TrackedMethodRef uid="2" vc="1" />
                  </TrackedMethodRefs>
[...]
                <SequencePoint vc="0" uspid="597" ordinal="1" offset="1" sl="93" sc="13" el="93" ec="59" bec="0" bev="0" fileid="10" />
                <SequencePoint vc="0" uspid="598" ordinal="2" offset="7" sl="94" sc="18" el="94" ec="27" bec="0" bev="0" fileid="10" />
                <SequencePoint vc="0" uspid="599" ordinal="3" offset="11" sl="95" sc="13" el="95" ec="14" bec="0" bev="0" fileid="10" />
                <SequencePoint vc="0" uspid="600" ordinal="4" offset="12" sl="96" sc="22" el="96" ec="31" bec="0" bev="0" fileid="10" />
                <SequencePoint vc="0" uspid="601" ordinal="5" offset="16" sl="97" sc="17" el="97" ec="18" bec="0" bev="0" fileid="10" />
                <SequencePoint vc="0" uspid="602" ordinal="6" offset="17" sl="98" sc="21" el="98" ec="65" bec="2" bev="0" fileid="10" />
                <SequencePoint vc="0" uspid="603" ordinal="7" offset="46" sl="99" sc="21" el="99" ec="22" bec="0" bev="0" fileid="10" />
                <SequencePoint vc="0" uspid="604" ordinal="8" offset="47" sl="100" sc="25" el="100" ec="59" bec="0" bev="0" fileid="10" />
                <SequencePoint vc="0" uspid="605" ordinal="9" offset="66" sl="101" sc="25" el="101" ec="31" bec="0" bev="0" fileid="10" />
                <SequencePoint vc="0" uspid="606" ordinal="10" offset="68" sl="103" sc="17" el="103" ec="18" bec="0" bev="0" fileid="10" />
                <SequencePoint vc="0" uspid="607" ordinal="11" offset="69" sl="96" sc="71" el="96" ec="74" bec="0" bev="0" fileid="10" />
                <SequencePoint vc="0" uspid="608" ordinal="12" offset="73" sl="96" sc="33" el="96" ec="69" bec="2" bev="0" fileid="10" />
                <SequencePoint vc="0" uspid="609" ordinal="13" offset="101" sl="104" sc="13" el="104" ec="14" bec="0" bev="0" fileid="10" />
                <SequencePoint vc="0" uspid="610" ordinal="14" offset="102" sl="94" sc="54" el="94" ec="57" bec="0" bev="0" fileid="10" />
                <SequencePoint vc="0" uspid="611" ordinal="15" offset="106" sl="94" sc="29" el="94" ec="52" bec="2" bev="0" fileid="10" />
                <SequencePoint vc="0" uspid="612" ordinal="16" offset="126" sl="105" sc="13" el="105" ec="40" bec="2" bev="0" fileid="10" />
                <SequencePoint vc="0" uspid="613" ordinal="17" offset="141" sl="106" sc="17" el="106" ec="29" bec="0" bev="0" fileid="10" />
                <SequencePoint vc="0" uspid="614" ordinal="18" offset="146" sl="108" sc="17" el="108" ec="36" bec="0" bev="0" fileid="10" />
                <SequencePoint vc="0" uspid="615" ordinal="19" offset="151" sl="109" sc="9" el="109" ec="10" bec="0" bev="0" fileid="10" />
              </SequencePoints>
              <BranchPoints>
                <BranchPoint vc="0" uspid="616" ordinal="0" offset="44" sl="98" path="0" offsetend="46" fileid="10" />
                <BranchPoint vc="0" uspid="617" ordinal="1" offset="44" sl="98" path="1" offsetend="68" fileid="10" />
                <BranchPoint vc="0" uspid="618" ordinal="2" offset="99" sl="96" path="0" offsetend="101" fileid="10" />
                <BranchPoint vc="0" uspid="619" ordinal="3" offset="99" sl="96" path="1" offsetend="16" fileid="10" />
                <BranchPoint vc="0" uspid="620" ordinal="4" offset="124" sl="94" path="0" offsetend="126" fileid="10" />
                <BranchPoint vc="0" uspid="621" ordinal="5" offset="124" sl="94" path="1" offsetend="11" fileid="10" />
                <BranchPoint vc="0" uspid="622" ordinal="6" offset="139" sl="105" path="0" offsetend="141" fileid="10" />
                <BranchPoint vc="0" uspid="623" ordinal="7" offset="139" sl="105" path="1" offsetend="146" fileid="10" />
              </BranchPoints>
              <MethodPoint xsi:type="SequencePoint" vc="0" uspid="596" ordinal="0" offset="0" sl="92" sc="9" el="92" ec="10" bec="0" bev="0" fileid="10" />
            </Method>
            <Method visited="false" cyclomaticComplexity="4" nPathComplexity="8" sequenceCoverage="0" branchCoverage="0" crapScore="20" isConstructor="false" isStatic="false" isGetter="false" isSetter="false">
              <Summary numSequencePoints="15" visitedSequencePoints="0" numBranchPoints="7" visitedBranchPoints="0" sequenceCoverage="0" branchCoverage="0" maxCyclomaticComplexity="4" minCyclomaticComplexity="4" maxCrapScore="20" minCrapScore="20" visitedClasses="0" numClasses="0" visitedMethods="0" numMethods="1" />
              <MetadataToken>100663346</MetadataToken>
              <Name>System.Collections.Generic.List`1&lt;Assignment5.Recipe&gt; Assignment5.RecipeBook::LookupByCuisine(System.String)</Name>
              <FileRef uid="10" />
              <SequencePoints>
                <SequencePoint vc="0" uspid="624" ordinal="0" offset="0" sl="117" sc="9" el="117" ec="10" bec="0" bev="0" fileid="10" />
                <SequencePoint vc="0" uspid="625" ordinal="1" offset="1" sl="118" sc="13" el="118" ec="59" bec="0" bev="0" fileid="10" />
                <SequencePoint vc="0" uspid="626" ordinal="2" offset="7" sl="119" sc="18" el="119" ec="27" bec="0" bev="0" fileid="10" />
                <SequencePoint vc="0" uspid="627" ordinal="3" offset="11" sl="120" sc="13" el="120" ec="14" bec="0" bev="0" fileid="10" />
                <SequencePoint vc="0" uspid="628" ordinal="4" offset="12" sl="121" sc="17" el="121" ec="57" bec="2" bev="0" fileid="10" />
                <SequencePoint vc="0" uspid="629" ordinal="5" offset="39" sl="122" sc="17" el="122" ec="18" bec="0" bev="0" fileid="10" />
                <SequencePoint vc="0" uspid="630" ordinal="6" offset="40" sl="123" sc="21" el="123" ec="55" bec="0" bev="0" fileid="10" />
                <SequencePoint vc="0" uspid="631" ordinal="7" offset="59" sl="124" sc="21" el="124" ec="27" bec="0" bev="0" fileid="10" />
                <SequencePoint vc="0" uspid="632" ordinal="8" offset="61" sl="126" sc="13" el="126" ec="14" bec="0" bev="0" fileid="10" />
                <SequencePoint vc="0" uspid="633" ordinal="9" offset="62" sl="119" sc="54" el="119" ec="57" bec="0" bev="0" fileid="10" />
                <SequencePoint vc="0" uspid="634" ordinal="10" offset="66" sl="119" sc="29" el="119" ec="52" bec="2" bev="0" fileid="10" />
                <SequencePoint vc="0" uspid="635" ordinal="11" offset="84" sl="127" sc="13" el="127" ec="40" bec="2" bev="0" fileid="10" />
                <SequencePoint vc="0" uspid="636" ordinal="12" offset="99" sl="128" sc="17" el="128" ec="29" bec="0" bev="0" fileid="10" />
                <SequencePoint vc="0" uspid="637" ordinal="13" offset="104" sl="130" sc="17" el="130" ec="36" bec="0" bev="0" fileid="10" />
                <SequencePoint vc="0" uspid="638" ordinal="14" offset="109" sl="131" sc="9" el="131" ec="10" bec="0" bev="0" fileid="10" />
              </SequencePoints>
              <BranchPoints>
                <BranchPoint vc="0" uspid="639" ordinal="0" offset="37" sl="121" path="0" offsetend="39" fileid="10" />
                <BranchPoint vc="0" uspid="640" ordinal="1" offset="37" sl="121" path="1" offsetend="61" fileid="10" />
                <BranchPoint vc="0" uspid="641" ordinal="2" offset="82" sl="119" path="0" offsetend="84" fileid="10" />
                <BranchPoint vc="0" uspid="642" ordinal="3" offset="82" sl="119" path="1" offsetend="11" fileid="10" />
                <BranchPoint vc="0" uspid="643" ordinal="4" offset="97" sl="127" path="0" offsetend="99" fileid="10" />
                <BranchPoint vc="0" uspid="644" ordinal="5" offset="97" sl="127" path="1" offsetend="104" fileid="10" />
              </BranchPoints>
              <MethodPoint xsi:type="SequencePoint" vc="0" uspid="624" ordinal="0" offset="0" sl="117" sc="9" el="117" ec="10" bec="0" bev="0" fileid="10" />
            </Method>
            <Method visited="false" cyclomaticComplexity="3" nPathComplexity="4" sequenceCoverage="0" branchCoverage="0" crapScore="12" isConstructor="false" isStatic="false" isGetter="false" isSetter="false">
              <Summary numSequencePoints="14" visitedSequencePoints="0" numBranchPoints="5" visitedBranchPoints="0" sequenceCoverage="0" branchCoverage="0" maxCyclomaticComplexity="3" minCyclomaticComplexity="3" maxCrapScore="12" minCrapScore="12" visitedClasses="0" numClasses="0" visitedMethods="0" numMethods="1" />
              <MetadataToken>100663347</MetadataToken>
              <Name>System.Boolean Assignment5.RecipeBook::ShowRecipe(Assignment5.Recipe)</Name>
              <FileRef uid="10" />
              <SequencePoints>
                <SequencePoint vc="0" uspid="645" ordinal="0" offset="0" sl="133" sc="9" el="133" ec="10" bec="0" bev="0" fileid="10" />
                <SequencePoint vc="0" uspid="646" ordinal="1" offset="1" sl="134" sc="13" el="134" ec="33" bec="0" bev="0" fileid="10" />
                <SequencePoint vc="0" uspid="647" ordinal="2" offset="7" sl="135" sc="13" el="135" ec="50" bec="0" bev="0" fileid="10" />
                <SequencePoint vc="0" uspid="648" ordinal="3" offset="19" sl="136" sc="13" el="136" ec="50" bec="2" bev="0" fileid="10" />
                <SequencePoint vc="0" uspid="649" ordinal="4" offset="37" sl="137" sc="13" el="137" ec="14" bec="0" bev="0" fileid="10" />
                <SequencePoint vc="0" uspid="650" ordinal="5" offset="38" sl="138" sc="22" el="138" ec="31" bec="0" bev="0" fileid="10" />
                <SequencePoint vc="0" uspid="651" ordinal="6" offset="42" sl="139" sc="17" el="139" ec="18" bec="0" bev="0" fileid="10" />
                <SequencePoint vc="0" uspid="652" ordinal="7" offset="43" sl="140" sc="21" el="140" ec="77" bec="0" bev="0" fileid="10" />
                <SequencePoint vc="0" uspid="653" ordinal="8" offset="66" sl="141" sc="17" el="141" ec="18" bec="0" bev="0" fileid="10" />
                <SequencePoint vc="0" uspid="654" ordinal="9" offset="67" sl="138" sc="67" el="138" ec="70" bec="0" bev="0" fileid="10" />
                <SequencePoint vc="0" uspid="655" ordinal="10" offset="71" sl="138" sc="33" el="138" ec="65" bec="2" bev="0" fileid="10" />
                <SequencePoint vc="0" uspid="656" ordinal="11" offset="89" sl="142" sc="17" el="142" ec="29" bec="0" bev="0" fileid="10" />
                <SequencePoint vc="0" uspid="657" ordinal="12" offset="93" sl="145" sc="13" el="145" ec="26" bec="0" bev="0" fileid="10" />
                <SequencePoint vc="0" uspid="658" ordinal="13" offset="97" sl="147" sc="9" el="147" ec="10" bec="0" bev="0" fileid="10" />
              </SequencePoints>
              <BranchPoints>
                <BranchPoint vc="0" uspid="659" ordinal="0" offset="35" sl="136" path="0" offsetend="37" fileid="10" />
                <BranchPoint vc="0" uspid="660" ordinal="1" offset="35" sl="136" path="1" offsetend="93" fileid="10" />
                <BranchPoint vc="0" uspid="661" ordinal="2" offset="87" sl="138" path="0" offsetend="89" fileid="10" />
                <BranchPoint vc="0" uspid="662" ordinal="3" offset="87" sl="138" path="1" offsetend="42" fileid="10" />
              </BranchPoints>
              <MethodPoint xsi:type="SequencePoint" vc="0" uspid="645" ordinal="0" offset="0" sl="133" sc="9" el="133" ec="10" bec="0" bev="0" fileid="10" />
            </Method>
            <Method visited="false" cyclomaticComplexity="2" nPathComplexity="2" sequenceCoverage="0" branchCoverage="0" crapScore="6" isConstructor="false" isStatic="false" isGetter="false" isSetter="false">
              <Summary numSequencePoints="9" visitedSequencePoints="0" numBranchPoints="3" visitedBranchPoints="0" sequenceCoverage="0" branchCoverage="0" maxCyclomaticComplexity="2" minCyclomaticComplexity="2" maxCrapScore="6" minCrapScore="6" visitedClasses="0" numClasses="0" visitedMethods="0" numMethods="1" />
              <MetadataToken>100663348</MetadataToken>
              <Name>System.Boolean Assignment5.RecipeBook::ListRecipes(System.Collections.Generic.List`1&lt;Assignment5.Recipe&gt;)</Name>
              <FileRef uid="10" />
              <SequencePoints>
                <SequencePoint vc="0" uspid="663" ordinal="0" offset="0" sl="149" sc="9" el="149" ec="10" bec="0" bev="0" fileid="10" />
                <SequencePoint vc="0" uspid="664" ordinal="1" offset="1" sl="150" sc="17" el="150" ec="26" bec="0" bev="0" fileid="10" />
                <SequencePoint vc="0" uspid="665" ordinal="2" offset="5" sl="151" sc="13" el="151" ec="14" bec="0" bev="0" fileid="10" />
                <SequencePoint vc="0" uspid="666" ordinal="3" offset="6" sl="152" sc="17" el="152" ec="64" bec="0" bev="0" fileid="10" />
                <SequencePoint vc="0" uspid="667" ordinal="4" offset="42" sl="153" sc="13" el="153" ec="14" bec="0" bev="0" fileid="10" />
                <SequencePoint vc="0" uspid="668" ordinal="5" offset="43" sl="150" sc="44" el="150" ec="47" bec="0" bev="0" fileid="10" />
                <SequencePoint vc="0" uspid="669" ordinal="6" offset="47" sl="150" sc="28" el="150" ec="42" bec="2" bev="0" fileid="10" />
                <SequencePoint vc="0" uspid="670" ordinal="7" offset="60" sl="154" sc="13" el="154" ec="25" bec="0" bev="0" fileid="10" />
                <SequencePoint vc="0" uspid="671" ordinal="8" offset="64" sl="155" sc="9" el="155" ec="10" bec="0" bev="0" fileid="10" />
              </SequencePoints>
              <BranchPoints>
                <BranchPoint vc="0" uspid="672" ordinal="0" offset="58" sl="150" path="0" offsetend="60" fileid="10" />
                <BranchPoint vc="0" uspid="673" ordinal="1" offset="58" sl="150" path="1" offsetend="5" fileid="10" />
              </BranchPoints>
              <MethodPoint xsi:type="SequencePoint" vc="0" uspid="663" ordinal="0" offset="0" sl="149" sc="9" el="149" ec="10" bec="0" bev="0" fileid="10" />
            </Method>
            <Method visited="false" cyclomaticComplexity="4" nPathComplexity="2" sequenceCoverage="0" branchCoverage="0" crapScore="20" isConstructor="false" isStatic="false" isGetter="false" isSetter="false">
              <Summary numSequencePoints="13" visitedSequencePoints="0" numBranchPoints="3" visitedBranchPoints="0" sequenceCoverage="0" branchCoverage="0" maxCyclomaticComplexity="4" minCyclomaticComplexity="4" maxCrapScore="20" minCrapScore="20" visitedClasses="0" numClasses="0" visitedMethods="0" numMethods="1" />
              <MetadataToken>100663349</MetadataToken>
              <Name>System.Void Assignment5.RecipeBook::Save(System.String)</Name>
              <FileRef uid="10" />
              <SequencePoints>
                <SequencePoint vc="0" uspid="674" ordinal="0" offset="0" sl="159" sc="9" el="159" ec="10" bec="0" bev="0" fileid="10" />
                <SequencePoint vc="0" uspid="675" ordinal="1" offset="1" sl="160" sc="20" el="160" ec="86" bec="0" bev="0" fileid="10" />
                <SequencePoint vc="0" uspid="676" ordinal="2" offset="14" sl="161" sc="13" el="161" ec="14" bec="0" bev="0" fileid="10" />
                <SequencePoint vc="0" uspid="677" ordinal="3" offset="15" sl="162" sc="17" el="162" ec="24" bec="0" bev="0" fileid="10" />
                <SequencePoint vc="0" uspid="678" ordinal="4" offset="16" sl="162" sc="43" el="162" ec="56" bec="0" bev="0" fileid="10" />
                <SequencePoint vc="0" uspid="679" ordinal="5" offset="30" sl="162" sc="26" el="162" ec="39" bec="0" bev="0" fileid="10" />
                <SequencePoint vc="0" uspid="680" ordinal="6" offset="38" sl="163" sc="17" el="163" ec="18" bec="0" bev="0" fileid="10" />
                <SequencePoint vc="0" uspid="681" ordinal="7" offset="39" sl="164" sc="21" el="164" ec="40" bec="2" bev="0" fileid="10" />
                <SequencePoint vc="0" uspid="682" ordinal="8" offset="47" sl="165" sc="25" el="165" ec="50" bec="0" bev="0" fileid="10" />
                <SequencePoint vc="0" uspid="683" ordinal="9" offset="55" sl="166" sc="17" el="166" ec="18" bec="0" bev="0" fileid="10" />
                <SequencePoint vc="0" uspid="684" ordinal="10" offset="56" sl="162" sc="40" el="162" ec="42" bec="0" bev="0" fileid="10" />
                <SequencePoint vc="0" uspid="685" ordinal="11" offset="82" sl="167" sc="13" el="167" ec="14" bec="0" bev="0" fileid="10" />
                <SequencePoint vc="0" uspid="686" ordinal="12" offset="96" sl="168" sc="9" el="168" ec="10" bec="0" bev="0" fileid="10" />
              </SequencePoints>
              <BranchPoints>
                <BranchPoint vc="0" uspid="687" ordinal="0" offset="45" sl="164" path="0" offsetend="47" fileid="10" />
                <BranchPoint vc="0" uspid="688" ordinal="1" offset="45" sl="164" path="1" offsetend="55" fileid="10" />
              </BranchPoints>
              <MethodPoint xsi:type="SequencePoint" vc="0" uspid="674" ordinal="0" offset="0" sl="159" sc="9" el="159" ec="10" bec="0" bev="0" fileid="10" />
            </Method>
            <Method visited="false" cyclomaticComplexity="4" nPathComplexity="4" sequenceCoverage="0" branchCoverage="0" crapScore="20" isConstructor="false" isStatic="false" isGetter="false" isSetter="false">
              <Summary numSequencePoints="11" visitedSequencePoints="0" numBranchPoints="5" visitedBranchPoints="0" sequenceCoverage="0" branchCoverage="0" maxCyclomaticComplexity="4" minCyclomaticComplexity="4" maxCrapScore="20" minCrapScore="20" visitedClasses="0" numClasses="0" visitedMethods="0" numMethods="1" />
              <MetadataToken>100663350</MetadataToken>
              <Name>System.Boolean Assignment5.RecipeBook::Load(System.String)</Name>
              <FileRef uid="10" />
              <SequencePoints>
                <SequencePoint vc="0" uspid="691" ordinal="0" offset="0" sl="170" sc="9" el="170" ec="10" bec="0" bev="0" fileid="10" />
                <SequencePoint vc="0" uspid="692" ordinal="1" offset="1" sl="171" sc="13" el="171" ec="35" bec="2" bev="0" fileid="10" />
                <SequencePoint vc="0" uspid="693" ordinal="2" offset="11" sl="172" sc="13" el="172" ec="14" bec="0" bev="0" fileid="10" />
                <SequencePoint vc="0" uspid="694" ordinal="3" offset="12" sl="174" sc="24" el="174" ec="68" bec="0" bev="0" fileid="10" />
                <SequencePoint vc="0" uspid="695" ordinal="4" offset="21" sl="176" sc="21" el="176" ec="22" bec="0" bev="0" fileid="10" />
                <SequencePoint vc="0" uspid="696" ordinal="5" offset="22" sl="177" sc="25" el="177" ec="35" bec="0" bev="0" fileid="10" />
                <SequencePoint vc="0" uspid="697" ordinal="6" offset="30" sl="178" sc="21" el="178" ec="22" bec="0" bev="0" fileid="10" />
                <SequencePoint vc="0" uspid="698" ordinal="7" offset="31" sl="175" sc="21" el="175" ec="72" bec="2" bev="0" fileid="10" />
                <SequencePoint vc="0" uspid="699" ordinal="8" offset="59" sl="179" sc="17" el="179" ec="29" bec="0" bev="0" fileid="10" />
                <SequencePoint vc="0" uspid="700" ordinal="9" offset="64" sl="182" sc="17" el="182" ec="30" bec="0" bev="0" fileid="10" />
                <SequencePoint vc="0" uspid="701" ordinal="10" offset="69" sl="183" sc="9" el="183" ec="10" bec="0" bev="0" fileid="10" />
              </SequencePoints>
              <BranchPoints>
                <BranchPoint vc="0" uspid="702" ordinal="0" offset="9" sl="171" path="0" offsetend="11" fileid="10" />
                <BranchPoint vc="0" uspid="703" ordinal="1" offset="9" sl="171" path="1" offsetend="64" fileid="10" />
                <BranchPoint vc="0" uspid="704" ordinal="2" offset="44" sl="175" path="0" offsetend="46" fileid="10" />
                <BranchPoint vc="0" uspid="705" ordinal="3" offset="44" sl="175" path="1" offsetend="21" fileid="10" />
              </BranchPoints>
              <MethodPoint xsi:type="SequencePoint" vc="0" uspid="691" ordinal="0" offset="0" sl="170" sc="9" el="170" ec="10" bec="0" bev="0" fileid="10" />
            </Method>
          </Methods>
        </Class>
      </Classes>
      <TrackedMethods />
    </Module>
  </Modules>
</CoverageSession>